#
# There is insufficient memory for the Java Runtime Environment to continue.
# Native memory allocation (malloc) failed to allocate 67776 bytes for Chunk::new
# Possible reasons:
#   The system is out of physical RAM or swap space
#   The process is running with CompressedOops enabled, and the Java Heap may be blocking the growth of the native heap
# Possible solutions:
#   Reduce memory load on the system
#   Increase physical memory or swap space
#   Check if swap backing store is full
#   Decrease Java heap size (-Xmx/-Xms)
#   Decrease number of Java threads
#   Decrease Java thread stack sizes (-Xss)
#   Set larger code cache with -XX:ReservedCodeCacheSize=
#   JVM is running with Zero Based Compressed Oops mode in which the Java heap is
#     placed in the first 32GB address space. The Java Heap base address is the
#     maximum limit for the native heap growth. Please use -XX:HeapBaseMinAddress
#     to set the Java Heap base and to place the Java Heap above 32GB virtual address.
# This output file may be truncated or incomplete.
#
#  Out of Memory Error (arena.cpp:189), pid=12928, tid=9324
#
# JRE version: Java(TM) SE Runtime Environment (17.0.12+8) (build 17.0.12+8-LTS-286)
# Java VM: Java HotSpot(TM) 64-Bit Server VM (17.0.12+8-LTS-286, mixed mode, sharing, tiered, compressed oops, compressed class ptrs, g1 gc, windows-amd64)
# No core dump will be written. Minidumps are not enabled by default on client versions of Windows
#

---------------  S U M M A R Y ------------

Command Line: -javaagent:E:\IntelliJ IDEA Community Edition 2024.3\lib\idea_rt.jar=54082:E:\IntelliJ IDEA Community Edition 2024.3\bin -Dfile.encoding=UTF-8 com.nguyenminh.microservices.zwallet.ZwalletApplication

Host: Intel(R) Core(TM) i5-10300H CPU @ 2.50GHz, 8 cores, 15G,  Windows 10 , 64 bit Build 19041 (10.0.19041.3636)
Time: Wed Nov 20 12:33:00 2024 SE Asia Standard Time elapsed time: 0.295021 seconds (0d 0h 0m 0s)

---------------  T H R E A D  ---------------

Current thread (0x000001eaa342c970):  JavaThread "C2 CompilerThread0" daemon [_thread_in_native, id=9324, stack(0x0000003341f00000,0x0000003342000000)]


Current CompileTask:
C2:    295  455       4       java.util.zip.ZipCoder::hash (36 bytes)

Stack: [0x0000003341f00000,0x0000003342000000]
Native frames: (J=compiled Java code, j=interpreted, Vv=VM code, C=native code)
V  [jvm.dll+0x67a04a]
V  [jvm.dll+0x7da4ed]
V  [jvm.dll+0x7dbe33]
V  [jvm.dll+0x7dc4a3]
V  [jvm.dll+0x24508f]
V  [jvm.dll+0xab773]
V  [jvm.dll+0xabd3c]
V  [jvm.dll+0x2aa52f]
V  [jvm.dll+0x581eb9]
V  [jvm.dll+0x21f422]
V  [jvm.dll+0x21f81f]
V  [jvm.dll+0x218aa0]
V  [jvm.dll+0x215b65]
V  [jvm.dll+0x1a2960]
V  [jvm.dll+0x22610b]
V  [jvm.dll+0x2242ab]
V  [jvm.dll+0x79075c]
V  [jvm.dll+0x78abea]
V  [jvm.dll+0x678f35]
C  [ucrtbase.dll+0x21bb2]
C  [KERNEL32.DLL+0x17344]
C  [ntdll.dll+0x526b1]


---------------  P R O C E S S  ---------------

Threads class SMR info:
_java_thread_list=0x000001eaa3940a10, length=15, elements={
0x000001eafe71cfe0, 0x000001eaa3410280, 0x000001eaa3410e40, 0x000001eaa3422650,
0x000001eaa3422f20, 0x000001eaa3425d00, 0x000001eaa34266c0, 0x000001eaa342c970,
0x000001eaa3435430, 0x000001eaa3436d50, 0x000001eaa35fffa0, 0x000001eaa37035a0,
0x000001eaa3703ac0, 0x000001eaa39440b0, 0x000001eae91bb4e0
}

Java Threads: ( => current thread )
  0x000001eafe71cfe0 JavaThread "main" [_thread_in_vm, id=7028, stack(0x0000003341200000,0x0000003341300000)]
  0x000001eaa3410280 JavaThread "Reference Handler" daemon [_thread_blocked, id=3764, stack(0x0000003341900000,0x0000003341a00000)]
  0x000001eaa3410e40 JavaThread "Finalizer" daemon [_thread_blocked, id=4996, stack(0x0000003341a00000,0x0000003341b00000)]
  0x000001eaa3422650 JavaThread "Signal Dispatcher" daemon [_thread_blocked, id=13148, stack(0x0000003341b00000,0x0000003341c00000)]
  0x000001eaa3422f20 JavaThread "Attach Listener" daemon [_thread_blocked, id=7868, stack(0x0000003341c00000,0x0000003341d00000)]
  0x000001eaa3425d00 JavaThread "Service Thread" daemon [_thread_blocked, id=6800, stack(0x0000003341d00000,0x0000003341e00000)]
  0x000001eaa34266c0 JavaThread "Monitor Deflation Thread" daemon [_thread_blocked, id=5508, stack(0x0000003341e00000,0x0000003341f00000)]
=>0x000001eaa342c970 JavaThread "C2 CompilerThread0" daemon [_thread_in_native, id=9324, stack(0x0000003341f00000,0x0000003342000000)]
  0x000001eaa3435430 JavaThread "C1 CompilerThread0" daemon [_thread_in_vm, id=11168, stack(0x0000003342000000,0x0000003342100000)]
  0x000001eaa3436d50 JavaThread "Sweeper thread" daemon [_thread_blocked, id=6736, stack(0x0000003342100000,0x0000003342200000)]
  0x000001eaa35fffa0 JavaThread "Common-Cleaner" daemon [_thread_blocked, id=13316, stack(0x0000003342200000,0x0000003342300000)]
  0x000001eaa37035a0 JavaThread "C2 CompilerThread1" daemon [_thread_in_native, id=5204, stack(0x0000003342300000,0x0000003342400000)]
  0x000001eaa3703ac0 JavaThread "C2 CompilerThread2" daemon [_thread_in_native, id=608, stack(0x0000003342400000,0x0000003342500000)]
  0x000001eaa39440b0 JavaThread "Monitor Ctrl-Break" daemon [_thread_in_native, id=7828, stack(0x0000003342500000,0x0000003342600000)]
  0x000001eae91bb4e0 JavaThread "Notification Thread" daemon [_thread_blocked, id=7016, stack(0x0000003342600000,0x0000003342700000)]

Other Threads:
  0x000001eaa340b3d0 VMThread "VM Thread" [stack: 0x0000003341800000,0x0000003341900000] [id=9852]
  0x000001eaa3944590 WatcherThread [stack: 0x0000003342700000,0x0000003342800000] [id=2176]
  0x000001eafe786c70 GCTaskThread "GC Thread#0" [stack: 0x0000003341300000,0x0000003341400000] [id=8096]
  0x000001eafe7979c0 ConcurrentGCThread "G1 Main Marker" [stack: 0x0000003341400000,0x0000003341500000] [id=4708]
  0x000001eafe799b80 ConcurrentGCThread "G1 Conc#0" [stack: 0x0000003341500000,0x0000003341600000] [id=6548]
  0x000001eafe7ed6f0 ConcurrentGCThread "G1 Refine#0" [stack: 0x0000003341600000,0x0000003341700000] [id=7132]
  0x000001eafe7ee120 ConcurrentGCThread "G1 Service" [stack: 0x0000003341700000,0x0000003341800000] [id=11368]

Threads with active compile tasks:
C2 CompilerThread0      322  455       4       java.util.zip.ZipCoder::hash (36 bytes)
C1 CompilerThread0      322  487       3       java.util.concurrent.ConcurrentHashMap$BaseIterator::hasNext (13 bytes)
C2 CompilerThread1      322  474   !   4       java.util.zip.ZipFile::getEntry (59 bytes)
C2 CompilerThread2      322  473   !   4       java.util.zip.ZipFile$Source::getEntryPos (181 bytes)

VM state: not at safepoint (normal execution)

VM Mutex/Monitor currently owned by a thread:  ([mutex/lock_event])
[0x000001eafe715b40] Metaspace_lock - owner thread: 0x000001eafe71cfe0
[0x000001eafe7182f0] MethodData_lock - owner thread: 0x000001eaa3435430

Heap address: 0x0000000702000000, size: 4064 MB, Compressed Oops mode: Zero based, Oop shift amount: 3

CDS archive(s) mapped at: [0x000001eaa4000000-0x000001eaa4bd0000-0x000001eaa4bd0000), size 12386304, SharedBaseAddress: 0x000001eaa4000000, ArchiveRelocationMode: 1.
Compressed class space mapped at: 0x000001eaa5000000-0x000001eae5000000, reserved size: 1073741824
Narrow klass base: 0x000001eaa4000000, Narrow klass shift: 0, Narrow klass range: 0x100000000

GC Precious Log:
 CPUs: 8 total, 8 available
 Memory: 16251M
 Large Page Support: Disabled
 NUMA Support: Disabled
 Compressed Oops: Enabled (Zero based)
 Heap Region Size: 2M
 Heap Min Capacity: 8M
 Heap Initial Capacity: 254M
 Heap Max Capacity: 4064M
 Pre-touch: Disabled
 Parallel Workers: 8
 Concurrent Workers: 2
 Concurrent Refinement Workers: 8
 Periodic GC: Disabled

Heap:
 garbage-first heap   total 260096K, used 6144K [0x0000000702000000, 0x0000000800000000)
  region size 2048K, 5 young (10240K), 0 survivors (0K)
 Metaspace       used 1731K, committed 1856K, reserved 1114112K
  class space    used 143K, committed 256K, reserved 1048576K

Heap Regions: E=young(eden), S=young(survivor), O=old, HS=humongous(starts), HC=humongous(continues), CS=collection set, F=free, OA=open archive, CA=closed archive, TAMS=top-at-mark-start (previous, next)
|   0|0x0000000702000000, 0x0000000702000000, 0x0000000702200000|  0%| F|  |TAMS 0x0000000702000000, 0x0000000702000000| Untracked 
|   1|0x0000000702200000, 0x0000000702200000, 0x0000000702400000|  0%| F|  |TAMS 0x0000000702200000, 0x0000000702200000| Untracked 
|   2|0x0000000702400000, 0x0000000702400000, 0x0000000702600000|  0%| F|  |TAMS 0x0000000702400000, 0x0000000702400000| Untracked 
|   3|0x0000000702600000, 0x0000000702600000, 0x0000000702800000|  0%| F|  |TAMS 0x0000000702600000, 0x0000000702600000| Untracked 
|   4|0x0000000702800000, 0x0000000702800000, 0x0000000702a00000|  0%| F|  |TAMS 0x0000000702800000, 0x0000000702800000| Untracked 
|   5|0x0000000702a00000, 0x0000000702a00000, 0x0000000702c00000|  0%| F|  |TAMS 0x0000000702a00000, 0x0000000702a00000| Untracked 
|   6|0x0000000702c00000, 0x0000000702c00000, 0x0000000702e00000|  0%| F|  |TAMS 0x0000000702c00000, 0x0000000702c00000| Untracked 
|   7|0x0000000702e00000, 0x0000000702e00000, 0x0000000703000000|  0%| F|  |TAMS 0x0000000702e00000, 0x0000000702e00000| Untracked 
|   8|0x0000000703000000, 0x0000000703000000, 0x0000000703200000|  0%| F|  |TAMS 0x0000000703000000, 0x0000000703000000| Untracked 
|   9|0x0000000703200000, 0x0000000703200000, 0x0000000703400000|  0%| F|  |TAMS 0x0000000703200000, 0x0000000703200000| Untracked 
|  10|0x0000000703400000, 0x0000000703400000, 0x0000000703600000|  0%| F|  |TAMS 0x0000000703400000, 0x0000000703400000| Untracked 
|  11|0x0000000703600000, 0x0000000703600000, 0x0000000703800000|  0%| F|  |TAMS 0x0000000703600000, 0x0000000703600000| Untracked 
|  12|0x0000000703800000, 0x0000000703800000, 0x0000000703a00000|  0%| F|  |TAMS 0x0000000703800000, 0x0000000703800000| Untracked 
|  13|0x0000000703a00000, 0x0000000703a00000, 0x0000000703c00000|  0%| F|  |TAMS 0x0000000703a00000, 0x0000000703a00000| Untracked 
|  14|0x0000000703c00000, 0x0000000703c00000, 0x0000000703e00000|  0%| F|  |TAMS 0x0000000703c00000, 0x0000000703c00000| Untracked 
|  15|0x0000000703e00000, 0x0000000703e00000, 0x0000000704000000|  0%| F|  |TAMS 0x0000000703e00000, 0x0000000703e00000| Untracked 
|  16|0x0000000704000000, 0x0000000704000000, 0x0000000704200000|  0%| F|  |TAMS 0x0000000704000000, 0x0000000704000000| Untracked 
|  17|0x0000000704200000, 0x0000000704200000, 0x0000000704400000|  0%| F|  |TAMS 0x0000000704200000, 0x0000000704200000| Untracked 
|  18|0x0000000704400000, 0x0000000704400000, 0x0000000704600000|  0%| F|  |TAMS 0x0000000704400000, 0x0000000704400000| Untracked 
|  19|0x0000000704600000, 0x0000000704600000, 0x0000000704800000|  0%| F|  |TAMS 0x0000000704600000, 0x0000000704600000| Untracked 
|  20|0x0000000704800000, 0x0000000704800000, 0x0000000704a00000|  0%| F|  |TAMS 0x0000000704800000, 0x0000000704800000| Untracked 
|  21|0x0000000704a00000, 0x0000000704a00000, 0x0000000704c00000|  0%| F|  |TAMS 0x0000000704a00000, 0x0000000704a00000| Untracked 
|  22|0x0000000704c00000, 0x0000000704c00000, 0x0000000704e00000|  0%| F|  |TAMS 0x0000000704c00000, 0x0000000704c00000| Untracked 
|  23|0x0000000704e00000, 0x0000000704e00000, 0x0000000705000000|  0%| F|  |TAMS 0x0000000704e00000, 0x0000000704e00000| Untracked 
|  24|0x0000000705000000, 0x0000000705000000, 0x0000000705200000|  0%| F|  |TAMS 0x0000000705000000, 0x0000000705000000| Untracked 
|  25|0x0000000705200000, 0x0000000705200000, 0x0000000705400000|  0%| F|  |TAMS 0x0000000705200000, 0x0000000705200000| Untracked 
|  26|0x0000000705400000, 0x0000000705400000, 0x0000000705600000|  0%| F|  |TAMS 0x0000000705400000, 0x0000000705400000| Untracked 
|  27|0x0000000705600000, 0x0000000705600000, 0x0000000705800000|  0%| F|  |TAMS 0x0000000705600000, 0x0000000705600000| Untracked 
|  28|0x0000000705800000, 0x0000000705800000, 0x0000000705a00000|  0%| F|  |TAMS 0x0000000705800000, 0x0000000705800000| Untracked 
|  29|0x0000000705a00000, 0x0000000705a00000, 0x0000000705c00000|  0%| F|  |TAMS 0x0000000705a00000, 0x0000000705a00000| Untracked 
|  30|0x0000000705c00000, 0x0000000705c00000, 0x0000000705e00000|  0%| F|  |TAMS 0x0000000705c00000, 0x0000000705c00000| Untracked 
|  31|0x0000000705e00000, 0x0000000705e00000, 0x0000000706000000|  0%| F|  |TAMS 0x0000000705e00000, 0x0000000705e00000| Untracked 
|  32|0x0000000706000000, 0x0000000706000000, 0x0000000706200000|  0%| F|  |TAMS 0x0000000706000000, 0x0000000706000000| Untracked 
|  33|0x0000000706200000, 0x0000000706200000, 0x0000000706400000|  0%| F|  |TAMS 0x0000000706200000, 0x0000000706200000| Untracked 
|  34|0x0000000706400000, 0x0000000706400000, 0x0000000706600000|  0%| F|  |TAMS 0x0000000706400000, 0x0000000706400000| Untracked 
|  35|0x0000000706600000, 0x0000000706600000, 0x0000000706800000|  0%| F|  |TAMS 0x0000000706600000, 0x0000000706600000| Untracked 
|  36|0x0000000706800000, 0x0000000706800000, 0x0000000706a00000|  0%| F|  |TAMS 0x0000000706800000, 0x0000000706800000| Untracked 
|  37|0x0000000706a00000, 0x0000000706a00000, 0x0000000706c00000|  0%| F|  |TAMS 0x0000000706a00000, 0x0000000706a00000| Untracked 
|  38|0x0000000706c00000, 0x0000000706c00000, 0x0000000706e00000|  0%| F|  |TAMS 0x0000000706c00000, 0x0000000706c00000| Untracked 
|  39|0x0000000706e00000, 0x0000000706e00000, 0x0000000707000000|  0%| F|  |TAMS 0x0000000706e00000, 0x0000000706e00000| Untracked 
|  40|0x0000000707000000, 0x0000000707000000, 0x0000000707200000|  0%| F|  |TAMS 0x0000000707000000, 0x0000000707000000| Untracked 
|  41|0x0000000707200000, 0x0000000707200000, 0x0000000707400000|  0%| F|  |TAMS 0x0000000707200000, 0x0000000707200000| Untracked 
|  42|0x0000000707400000, 0x0000000707400000, 0x0000000707600000|  0%| F|  |TAMS 0x0000000707400000, 0x0000000707400000| Untracked 
|  43|0x0000000707600000, 0x0000000707600000, 0x0000000707800000|  0%| F|  |TAMS 0x0000000707600000, 0x0000000707600000| Untracked 
|  44|0x0000000707800000, 0x0000000707800000, 0x0000000707a00000|  0%| F|  |TAMS 0x0000000707800000, 0x0000000707800000| Untracked 
|  45|0x0000000707a00000, 0x0000000707a00000, 0x0000000707c00000|  0%| F|  |TAMS 0x0000000707a00000, 0x0000000707a00000| Untracked 
|  46|0x0000000707c00000, 0x0000000707c00000, 0x0000000707e00000|  0%| F|  |TAMS 0x0000000707c00000, 0x0000000707c00000| Untracked 
|  47|0x0000000707e00000, 0x0000000707e00000, 0x0000000708000000|  0%| F|  |TAMS 0x0000000707e00000, 0x0000000707e00000| Untracked 
|  48|0x0000000708000000, 0x0000000708000000, 0x0000000708200000|  0%| F|  |TAMS 0x0000000708000000, 0x0000000708000000| Untracked 
|  49|0x0000000708200000, 0x0000000708200000, 0x0000000708400000|  0%| F|  |TAMS 0x0000000708200000, 0x0000000708200000| Untracked 
|  50|0x0000000708400000, 0x0000000708400000, 0x0000000708600000|  0%| F|  |TAMS 0x0000000708400000, 0x0000000708400000| Untracked 
|  51|0x0000000708600000, 0x0000000708600000, 0x0000000708800000|  0%| F|  |TAMS 0x0000000708600000, 0x0000000708600000| Untracked 
|  52|0x0000000708800000, 0x0000000708800000, 0x0000000708a00000|  0%| F|  |TAMS 0x0000000708800000, 0x0000000708800000| Untracked 
|  53|0x0000000708a00000, 0x0000000708a00000, 0x0000000708c00000|  0%| F|  |TAMS 0x0000000708a00000, 0x0000000708a00000| Untracked 
|  54|0x0000000708c00000, 0x0000000708c00000, 0x0000000708e00000|  0%| F|  |TAMS 0x0000000708c00000, 0x0000000708c00000| Untracked 
|  55|0x0000000708e00000, 0x0000000708e00000, 0x0000000709000000|  0%| F|  |TAMS 0x0000000708e00000, 0x0000000708e00000| Untracked 
|  56|0x0000000709000000, 0x0000000709000000, 0x0000000709200000|  0%| F|  |TAMS 0x0000000709000000, 0x0000000709000000| Untracked 
|  57|0x0000000709200000, 0x0000000709200000, 0x0000000709400000|  0%| F|  |TAMS 0x0000000709200000, 0x0000000709200000| Untracked 
|  58|0x0000000709400000, 0x0000000709400000, 0x0000000709600000|  0%| F|  |TAMS 0x0000000709400000, 0x0000000709400000| Untracked 
|  59|0x0000000709600000, 0x0000000709600000, 0x0000000709800000|  0%| F|  |TAMS 0x0000000709600000, 0x0000000709600000| Untracked 
|  60|0x0000000709800000, 0x0000000709800000, 0x0000000709a00000|  0%| F|  |TAMS 0x0000000709800000, 0x0000000709800000| Untracked 
|  61|0x0000000709a00000, 0x0000000709a00000, 0x0000000709c00000|  0%| F|  |TAMS 0x0000000709a00000, 0x0000000709a00000| Untracked 
|  62|0x0000000709c00000, 0x0000000709c00000, 0x0000000709e00000|  0%| F|  |TAMS 0x0000000709c00000, 0x0000000709c00000| Untracked 
|  63|0x0000000709e00000, 0x0000000709e00000, 0x000000070a000000|  0%| F|  |TAMS 0x0000000709e00000, 0x0000000709e00000| Untracked 
|  64|0x000000070a000000, 0x000000070a000000, 0x000000070a200000|  0%| F|  |TAMS 0x000000070a000000, 0x000000070a000000| Untracked 
|  65|0x000000070a200000, 0x000000070a200000, 0x000000070a400000|  0%| F|  |TAMS 0x000000070a200000, 0x000000070a200000| Untracked 
|  66|0x000000070a400000, 0x000000070a400000, 0x000000070a600000|  0%| F|  |TAMS 0x000000070a400000, 0x000000070a400000| Untracked 
|  67|0x000000070a600000, 0x000000070a600000, 0x000000070a800000|  0%| F|  |TAMS 0x000000070a600000, 0x000000070a600000| Untracked 
|  68|0x000000070a800000, 0x000000070a800000, 0x000000070aa00000|  0%| F|  |TAMS 0x000000070a800000, 0x000000070a800000| Untracked 
|  69|0x000000070aa00000, 0x000000070aa00000, 0x000000070ac00000|  0%| F|  |TAMS 0x000000070aa00000, 0x000000070aa00000| Untracked 
|  70|0x000000070ac00000, 0x000000070ac00000, 0x000000070ae00000|  0%| F|  |TAMS 0x000000070ac00000, 0x000000070ac00000| Untracked 
|  71|0x000000070ae00000, 0x000000070ae00000, 0x000000070b000000|  0%| F|  |TAMS 0x000000070ae00000, 0x000000070ae00000| Untracked 
|  72|0x000000070b000000, 0x000000070b000000, 0x000000070b200000|  0%| F|  |TAMS 0x000000070b000000, 0x000000070b000000| Untracked 
|  73|0x000000070b200000, 0x000000070b200000, 0x000000070b400000|  0%| F|  |TAMS 0x000000070b200000, 0x000000070b200000| Untracked 
|  74|0x000000070b400000, 0x000000070b400000, 0x000000070b600000|  0%| F|  |TAMS 0x000000070b400000, 0x000000070b400000| Untracked 
|  75|0x000000070b600000, 0x000000070b600000, 0x000000070b800000|  0%| F|  |TAMS 0x000000070b600000, 0x000000070b600000| Untracked 
|  76|0x000000070b800000, 0x000000070b800000, 0x000000070ba00000|  0%| F|  |TAMS 0x000000070b800000, 0x000000070b800000| Untracked 
|  77|0x000000070ba00000, 0x000000070ba00000, 0x000000070bc00000|  0%| F|  |TAMS 0x000000070ba00000, 0x000000070ba00000| Untracked 
|  78|0x000000070bc00000, 0x000000070bc00000, 0x000000070be00000|  0%| F|  |TAMS 0x000000070bc00000, 0x000000070bc00000| Untracked 
|  79|0x000000070be00000, 0x000000070be00000, 0x000000070c000000|  0%| F|  |TAMS 0x000000070be00000, 0x000000070be00000| Untracked 
|  80|0x000000070c000000, 0x000000070c000000, 0x000000070c200000|  0%| F|  |TAMS 0x000000070c000000, 0x000000070c000000| Untracked 
|  81|0x000000070c200000, 0x000000070c200000, 0x000000070c400000|  0%| F|  |TAMS 0x000000070c200000, 0x000000070c200000| Untracked 
|  82|0x000000070c400000, 0x000000070c400000, 0x000000070c600000|  0%| F|  |TAMS 0x000000070c400000, 0x000000070c400000| Untracked 
|  83|0x000000070c600000, 0x000000070c600000, 0x000000070c800000|  0%| F|  |TAMS 0x000000070c600000, 0x000000070c600000| Untracked 
|  84|0x000000070c800000, 0x000000070c800000, 0x000000070ca00000|  0%| F|  |TAMS 0x000000070c800000, 0x000000070c800000| Untracked 
|  85|0x000000070ca00000, 0x000000070ca00000, 0x000000070cc00000|  0%| F|  |TAMS 0x000000070ca00000, 0x000000070ca00000| Untracked 
|  86|0x000000070cc00000, 0x000000070cc00000, 0x000000070ce00000|  0%| F|  |TAMS 0x000000070cc00000, 0x000000070cc00000| Untracked 
|  87|0x000000070ce00000, 0x000000070ce00000, 0x000000070d000000|  0%| F|  |TAMS 0x000000070ce00000, 0x000000070ce00000| Untracked 
|  88|0x000000070d000000, 0x000000070d000000, 0x000000070d200000|  0%| F|  |TAMS 0x000000070d000000, 0x000000070d000000| Untracked 
|  89|0x000000070d200000, 0x000000070d200000, 0x000000070d400000|  0%| F|  |TAMS 0x000000070d200000, 0x000000070d200000| Untracked 
|  90|0x000000070d400000, 0x000000070d400000, 0x000000070d600000|  0%| F|  |TAMS 0x000000070d400000, 0x000000070d400000| Untracked 
|  91|0x000000070d600000, 0x000000070d600000, 0x000000070d800000|  0%| F|  |TAMS 0x000000070d600000, 0x000000070d600000| Untracked 
|  92|0x000000070d800000, 0x000000070d800000, 0x000000070da00000|  0%| F|  |TAMS 0x000000070d800000, 0x000000070d800000| Untracked 
|  93|0x000000070da00000, 0x000000070da00000, 0x000000070dc00000|  0%| F|  |TAMS 0x000000070da00000, 0x000000070da00000| Untracked 
|  94|0x000000070dc00000, 0x000000070dc00000, 0x000000070de00000|  0%| F|  |TAMS 0x000000070dc00000, 0x000000070dc00000| Untracked 
|  95|0x000000070de00000, 0x000000070de00000, 0x000000070e000000|  0%| F|  |TAMS 0x000000070de00000, 0x000000070de00000| Untracked 
|  96|0x000000070e000000, 0x000000070e000000, 0x000000070e200000|  0%| F|  |TAMS 0x000000070e000000, 0x000000070e000000| Untracked 
|  97|0x000000070e200000, 0x000000070e200000, 0x000000070e400000|  0%| F|  |TAMS 0x000000070e200000, 0x000000070e200000| Untracked 
|  98|0x000000070e400000, 0x000000070e400000, 0x000000070e600000|  0%| F|  |TAMS 0x000000070e400000, 0x000000070e400000| Untracked 
|  99|0x000000070e600000, 0x000000070e600000, 0x000000070e800000|  0%| F|  |TAMS 0x000000070e600000, 0x000000070e600000| Untracked 
| 100|0x000000070e800000, 0x000000070e800000, 0x000000070ea00000|  0%| F|  |TAMS 0x000000070e800000, 0x000000070e800000| Untracked 
| 101|0x000000070ea00000, 0x000000070ea00000, 0x000000070ec00000|  0%| F|  |TAMS 0x000000070ea00000, 0x000000070ea00000| Untracked 
| 102|0x000000070ec00000, 0x000000070ec00000, 0x000000070ee00000|  0%| F|  |TAMS 0x000000070ec00000, 0x000000070ec00000| Untracked 
| 103|0x000000070ee00000, 0x000000070ee00000, 0x000000070f000000|  0%| F|  |TAMS 0x000000070ee00000, 0x000000070ee00000| Untracked 
| 104|0x000000070f000000, 0x000000070f000000, 0x000000070f200000|  0%| F|  |TAMS 0x000000070f000000, 0x000000070f000000| Untracked 
| 105|0x000000070f200000, 0x000000070f200000, 0x000000070f400000|  0%| F|  |TAMS 0x000000070f200000, 0x000000070f200000| Untracked 
| 106|0x000000070f400000, 0x000000070f400000, 0x000000070f600000|  0%| F|  |TAMS 0x000000070f400000, 0x000000070f400000| Untracked 
| 107|0x000000070f600000, 0x000000070f600000, 0x000000070f800000|  0%| F|  |TAMS 0x000000070f600000, 0x000000070f600000| Untracked 
| 108|0x000000070f800000, 0x000000070f800000, 0x000000070fa00000|  0%| F|  |TAMS 0x000000070f800000, 0x000000070f800000| Untracked 
| 109|0x000000070fa00000, 0x000000070fa00000, 0x000000070fc00000|  0%| F|  |TAMS 0x000000070fa00000, 0x000000070fa00000| Untracked 
| 110|0x000000070fc00000, 0x000000070fc00000, 0x000000070fe00000|  0%| F|  |TAMS 0x000000070fc00000, 0x000000070fc00000| Untracked 
| 111|0x000000070fe00000, 0x000000070fe00000, 0x0000000710000000|  0%| F|  |TAMS 0x000000070fe00000, 0x000000070fe00000| Untracked 
| 112|0x0000000710000000, 0x0000000710000000, 0x0000000710200000|  0%| F|  |TAMS 0x0000000710000000, 0x0000000710000000| Untracked 
| 113|0x0000000710200000, 0x0000000710200000, 0x0000000710400000|  0%| F|  |TAMS 0x0000000710200000, 0x0000000710200000| Untracked 
| 114|0x0000000710400000, 0x0000000710400000, 0x0000000710600000|  0%| F|  |TAMS 0x0000000710400000, 0x0000000710400000| Untracked 
| 115|0x0000000710600000, 0x0000000710600000, 0x0000000710800000|  0%| F|  |TAMS 0x0000000710600000, 0x0000000710600000| Untracked 
| 116|0x0000000710800000, 0x0000000710800000, 0x0000000710a00000|  0%| F|  |TAMS 0x0000000710800000, 0x0000000710800000| Untracked 
| 117|0x0000000710a00000, 0x0000000710a00000, 0x0000000710c00000|  0%| F|  |TAMS 0x0000000710a00000, 0x0000000710a00000| Untracked 
| 118|0x0000000710c00000, 0x0000000710c00000, 0x0000000710e00000|  0%| F|  |TAMS 0x0000000710c00000, 0x0000000710c00000| Untracked 
| 119|0x0000000710e00000, 0x0000000710e00000, 0x0000000711000000|  0%| F|  |TAMS 0x0000000710e00000, 0x0000000710e00000| Untracked 
| 120|0x0000000711000000, 0x0000000711000000, 0x0000000711200000|  0%| F|  |TAMS 0x0000000711000000, 0x0000000711000000| Untracked 
| 121|0x0000000711200000, 0x0000000711200000, 0x0000000711400000|  0%| F|  |TAMS 0x0000000711200000, 0x0000000711200000| Untracked 
| 122|0x0000000711400000, 0x00000007115cae28, 0x0000000711600000| 89%| E|  |TAMS 0x0000000711400000, 0x0000000711400000| Complete 
| 123|0x0000000711600000, 0x0000000711800000, 0x0000000711800000|100%| E|CS|TAMS 0x0000000711600000, 0x0000000711600000| Complete 
| 124|0x0000000711800000, 0x0000000711a00000, 0x0000000711a00000|100%| E|  |TAMS 0x0000000711800000, 0x0000000711800000| Complete 
| 125|0x0000000711a00000, 0x0000000711c00000, 0x0000000711c00000|100%| E|CS|TAMS 0x0000000711a00000, 0x0000000711a00000| Complete 
| 126|0x0000000711c00000, 0x0000000711e00000, 0x0000000711e00000|100%| E|CS|TAMS 0x0000000711c00000, 0x0000000711c00000| Complete 

Card table byte_map: [0x000001ea97a40000,0x000001ea98230000] _byte_map_base: 0x000001ea94230000

Marking Bits (Prev, Next): (CMBitMap*) 0x000001eafe787290, (CMBitMap*) 0x000001eafe7872d0
 Prev Bits: [0x000001ea98a20000, 0x000001ea9c9a0000)
 Next Bits: [0x000001ea9c9a0000, 0x000001eaa0920000)

Polling page: 0x000001eafe7f0000

Metaspace:

Usage:
  Non-class:      1.55 MB used.
      Class:    143.64 KB used.
       Both:      1.69 MB used.

Virtual space:
  Non-class space:       64.00 MB reserved,       1.56 MB (  2%) committed,  1 nodes.
      Class space:        1.00 GB reserved,     256.00 KB ( <1%) committed,  1 nodes.
             Both:        1.06 GB reserved,       1.81 MB ( <1%) committed. 

Chunk freelists:
   Non-Class:  11.44 MB
       Class:  15.67 MB
        Both:  27.11 MB

MaxMetaspaceSize: unlimited
CompressedClassSpaceSize: 1.00 GB
Initial GC threshold: 21.00 MB
Current GC threshold: 21.00 MB
CDS: on
MetaspaceReclaimPolicy: balanced
 - commit_granule_bytes: 65536.
 - commit_granule_words: 8192.
 - virtual_space_node_default_size: 8388608.
 - enlarge_chunks_in_place: 1.
 - new_chunks_are_fully_committed: 0.
 - uncommit_free_chunks: 1.
 - use_allocation_guard: 0.
 - handle_deallocations: 1.


Internal statistics:

num_allocs_failed_limit: 0.
num_arena_births: 10.
num_arena_deaths: 0.
num_vsnodes_births: 2.
num_vsnodes_deaths: 0.
num_space_committed: 29.
num_space_uncommitted: 0.
num_chunks_returned_to_freelist: 0.
num_chunks_taken_from_freelist: 43.
num_chunk_merges: 0.
num_chunk_splits: 29.
num_chunks_enlarged: 22.
num_inconsistent_stats: 0.

CodeHeap 'non-profiled nmethods': size=120000Kb used=152Kb max_used=152Kb free=119847Kb
 bounds [0x000001ea8f2c0000, 0x000001ea8f530000, 0x000001ea967f0000]
CodeHeap 'profiled nmethods': size=120000Kb used=719Kb max_used=719Kb free=119280Kb
 bounds [0x000001ea877f0000, 0x000001ea87a60000, 0x000001ea8ed20000]
CodeHeap 'non-nmethods': size=5760Kb used=1122Kb max_used=1137Kb free=4637Kb
 bounds [0x000001ea8ed20000, 0x000001ea8ef90000, 0x000001ea8f2c0000]
 total_blobs=884 nmethods=480 adapters=317
 compilation: enabled
              stopped_count=0, restarted_count=0
 full_count=0

Compilation events (20 events):
Event: 0.291 Thread 0x000001eaa3435430 nmethod 451 0x000001ea87892110 code [0x000001ea878922c0, 0x000001ea878924d8]
Event: 0.291 Thread 0x000001eaa3435430  452       3       java.util.HashMap$ValueIterator::next (8 bytes)
Event: 0.291 Thread 0x000001eaa3435430 nmethod 452 0x000001ea87892610 code [0x000001ea878927c0, 0x000001ea87892908]
Event: 0.291 Thread 0x000001eaa3435430  454       1       jdk.internal.jimage.ImageHeader::getTableLength (5 bytes)
Event: 0.291 Thread 0x000001eaa3435430 nmethod 454 0x000001ea8f2e4310 code [0x000001ea8f2e44a0, 0x000001ea8f2e4578]
Event: 0.291 Thread 0x000001eaa3435430  453       1       java.lang.Module::getDescriptor (5 bytes)
Event: 0.291 Thread 0x000001eaa3435430 nmethod 453 0x000001ea8f2e4610 code [0x000001ea8f2e47a0, 0x000001ea8f2e4878]
Event: 0.291 Thread 0x000001eaa3435430  449       3       java.util.zip.InflaterInputStream::ensureOpen (18 bytes)
Event: 0.291 Thread 0x000001eaa3435430 nmethod 449 0x000001ea87892a10 code [0x000001ea87892bc0, 0x000001ea87892dc8]
Event: 0.291 Thread 0x000001eaa342c970  455       4       java.util.zip.ZipCoder::hash (36 bytes)
Event: 0.291 Thread 0x000001eaa3435430  456       3       jdk.internal.loader.URLClassPath$JarLoader::findResource (18 bytes)
Event: 0.291 Thread 0x000001eaa3435430 nmethod 456 0x000001ea87892e90 code [0x000001ea87893040, 0x000001ea878932b8]
Event: 0.292 Thread 0x000001eaa37035a0  457       4       java.lang.Math::min (11 bytes)
Event: 0.292 Thread 0x000001eaa37035a0 nmethod 457 0x000001ea8f2e4910 code [0x000001ea8f2e4a80, 0x000001ea8f2e4ad8]
Event: 0.292 Thread 0x000001eaa3435430  458       3       java.lang.String::indexOf (64 bytes)
Event: 0.293 Thread 0x000001eaa37035a0  461       4       java.lang.AbstractStringBuilder::putStringAt (12 bytes)
Event: 0.293 Thread 0x000001eaa3435430 nmethod 458 0x000001ea87893390 code [0x000001ea878935a0, 0x000001ea87893a88]
Event: 0.293 Thread 0x000001eaa3435430  459       3       java.lang.StringLatin1::indexOf (25 bytes)
Event: 0.293 Thread 0x000001eaa3435430 nmethod 459 0x000001ea87893c10 code [0x000001ea87893dc0, 0x000001ea87893fc8]
Event: 0.293 Thread 0x000001eaa3435430  462       3       java.lang.ref.Cleaner::register (25 bytes)

GC Heap History (0 events):
No events

Deoptimization events (20 events):
Event: 0.220 Thread 0x000001eafe71cfe0 DEOPT PACKING pc=0x000001ea8f2d8db8 sp=0x00000033412fe5c0
Event: 0.220 Thread 0x000001eafe71cfe0 DEOPT UNPACKING pc=0x000001ea8ed723a3 sp=0x00000033412fe550 mode 2
Event: 0.225 Thread 0x000001eafe71cfe0 Uncommon trap: trap_request=0xffffff45 fr.pc=0x000001ea8f2c1c5c relative=0x000000000000005c
Event: 0.225 Thread 0x000001eafe71cfe0 Uncommon trap: reason=unstable_if action=reinterpret pc=0x000001ea8f2c1c5c method=java.lang.String.isLatin1()Z @ 10 c2
Event: 0.225 Thread 0x000001eafe71cfe0 DEOPT PACKING pc=0x000001ea8f2c1c5c sp=0x00000033412fe380
Event: 0.225 Thread 0x000001eafe71cfe0 DEOPT UNPACKING pc=0x000001ea8ed723a3 sp=0x00000033412fe310 mode 2
Event: 0.226 Thread 0x000001eafe71cfe0 Uncommon trap: trap_request=0xffffff45 fr.pc=0x000001ea8f2c1600 relative=0x0000000000000080
Event: 0.226 Thread 0x000001eafe71cfe0 Uncommon trap: reason=unstable_if action=reinterpret pc=0x000001ea8f2c1600 method=java.lang.String.isLatin1()Z @ 10 c2
Event: 0.226 Thread 0x000001eafe71cfe0 DEOPT PACKING pc=0x000001ea8f2c1600 sp=0x00000033412fed60
Event: 0.226 Thread 0x000001eafe71cfe0 DEOPT UNPACKING pc=0x000001ea8ed723a3 sp=0x00000033412feca0 mode 2
Event: 0.266 Thread 0x000001eafe71cfe0 Uncommon trap: trap_request=0xffffff45 fr.pc=0x000001ea8f2d81e4 relative=0x0000000000000064
Event: 0.266 Thread 0x000001eafe71cfe0 Uncommon trap: reason=unstable_if action=reinterpret pc=0x000001ea8f2d81e4 method=java.io.WinNTFileSystem.isSlash(C)Z @ 9 c2
Event: 0.266 Thread 0x000001eafe71cfe0 DEOPT PACKING pc=0x000001ea8f2d81e4 sp=0x00000033412fdf00
Event: 0.266 Thread 0x000001eafe71cfe0 DEOPT UNPACKING pc=0x000001ea8ed723a3 sp=0x00000033412fde88 mode 2
Event: 0.270 Thread 0x000001eafe71cfe0 DEOPT PACKING pc=0x000001ea8786da68 sp=0x00000033412fc930
Event: 0.270 Thread 0x000001eafe71cfe0 DEOPT UNPACKING pc=0x000001ea8ed72b43 sp=0x00000033412fbdc0 mode 0
Event: 0.270 Thread 0x000001eafe71cfe0 DEOPT PACKING pc=0x000001ea8783332c sp=0x00000033412fc850
Event: 0.270 Thread 0x000001eafe71cfe0 DEOPT UNPACKING pc=0x000001ea8ed72b43 sp=0x00000033412fbd10 mode 0
Event: 0.293 Thread 0x000001eafe71cfe0 DEOPT PACKING pc=0x000001ea8786da68 sp=0x00000033412fcee0
Event: 0.293 Thread 0x000001eafe71cfe0 DEOPT UNPACKING pc=0x000001ea8ed72b43 sp=0x00000033412fc370 mode 0

Classes unloaded (0 events):
No events

Classes redefined (0 events):
No events

Internal exceptions (2 events):
Event: 0.228 Thread 0x000001eaa39440b0 Exception <a 'java/lang/NoSuchMethodError'{0x000000071174c0b0}: 'java.lang.Object java.lang.invoke.DirectMethodHandle$Holder.invokeStaticInit(java.lang.Object)'> (0x000000071174c0b0) 
thrown [s\open\src\hotspot\share\interpreter\linkResolver.cpp, line 759]
Event: 0.235 Thread 0x000001eaa39440b0 Exception <a 'java/lang/NoSuchMethodError'{0x0000000711759c58}: 'void java.lang.invoke.DirectMethodHandle$Holder.invokeStatic(java.lang.Object, java.lang.Object)'> (0x0000000711759c58) 
thrown [s\open\src\hotspot\share\interpreter\linkResolver.cpp, line 759]

VM Operations (8 events):
Event: 0.123 Executing VM operation: HandshakeAllThreads
Event: 0.123 Executing VM operation: HandshakeAllThreads done
Event: 0.226 Executing VM operation: HandshakeAllThreads
Event: 0.226 Executing VM operation: HandshakeAllThreads done
Event: 0.266 Executing VM operation: HandshakeAllThreads
Event: 0.266 Executing VM operation: HandshakeAllThreads done
Event: 0.288 Executing VM operation: HandshakeAllThreads
Event: 0.288 Executing VM operation: HandshakeAllThreads done

Events (20 events):
Event: 0.284 loading class java/lang/UnsupportedOperationException
Event: 0.284 loading class java/lang/UnsupportedOperationException done
Event: 0.285 loading class java/util/concurrent/LinkedBlockingQueue
Event: 0.285 loading class java/util/concurrent/BlockingQueue
Event: 0.285 loading class java/util/concurrent/BlockingQueue done
Event: 0.285 loading class java/util/AbstractQueue
Event: 0.285 loading class java/util/AbstractQueue done
Event: 0.285 loading class java/util/concurrent/LinkedBlockingQueue done
Event: 0.285 loading class java/util/concurrent/locks/AbstractQueuedSynchronizer$ConditionObject
Event: 0.285 loading class java/util/concurrent/locks/Condition
Event: 0.285 loading class java/util/concurrent/locks/Condition done
Event: 0.285 loading class java/util/concurrent/locks/AbstractQueuedSynchronizer$ConditionObject done
Event: 0.285 loading class java/util/concurrent/LinkedBlockingQueue$Node
Event: 0.285 loading class java/util/concurrent/LinkedBlockingQueue$Node done
Event: 0.287 loading class java/lang/InheritableThreadLocal
Event: 0.287 loading class java/lang/InheritableThreadLocal done
Event: 0.292 loading class java/util/LinkedHashMap$LinkedKeySet
Event: 0.292 loading class java/util/LinkedHashMap$LinkedKeySet done
Event: 0.292 loading class java/util/LinkedHashMap$LinkedKeyIterator
Event: 0.292 loading class java/util/LinkedHashMap$LinkedKeyIterator done


Dynamic libraries:
0x00007ff690a20000 - 0x00007ff690a30000 	E:\jdk17\bin\java.exe
0x00007ffd07450000 - 0x00007ffd07648000 	C:\Windows\SYSTEM32\ntdll.dll
0x00007ffd058f0000 - 0x00007ffd059ad000 	C:\Windows\System32\KERNEL32.DLL
0x00007ffd051b0000 - 0x00007ffd054a6000 	C:\Windows\System32\KERNELBASE.dll
0x00007ffd050b0000 - 0x00007ffd051b0000 	C:\Windows\System32\ucrtbase.dll
0x00007ffd00360000 - 0x00007ffd00379000 	E:\jdk17\bin\jli.dll
0x00007ffd00340000 - 0x00007ffd0035b000 	E:\jdk17\bin\VCRUNTIME140.dll
0x00007ffd055e0000 - 0x00007ffd0568f000 	C:\Windows\System32\ADVAPI32.dll
0x00007ffd06520000 - 0x00007ffd065be000 	C:\Windows\System32\msvcrt.dll
0x00007ffd059b0000 - 0x00007ffd05a4c000 	C:\Windows\System32\sechost.dll
0x00007ffd054b0000 - 0x00007ffd055d6000 	C:\Windows\System32\RPCRT4.dll
0x00007ffd05fd0000 - 0x00007ffd0616e000 	C:\Windows\System32\USER32.dll
0x00007ffd05080000 - 0x00007ffd050a2000 	C:\Windows\System32\win32u.dll
0x00007ffce9ec0000 - 0x00007ffcea15a000 	C:\Windows\WinSxS\amd64_microsoft.windows.common-controls_6595b64144ccf1df_6.0.19041.3636_none_60b6a03d71f818d5\COMCTL32.dll
0x00007ffd05a50000 - 0x00007ffd05a7c000 	C:\Windows\System32\GDI32.dll
0x00007ffd04f60000 - 0x00007ffd0507a000 	C:\Windows\System32\gdi32full.dll
0x00007ffd04cc0000 - 0x00007ffd04d5d000 	C:\Windows\System32\msvcp_win.dll
0x00007ffcfd820000 - 0x00007ffcfd82a000 	C:\Windows\SYSTEM32\VERSION.dll
0x00007ffd065c0000 - 0x00007ffd065f0000 	C:\Windows\System32\IMM32.DLL
0x00007ffd00330000 - 0x00007ffd0033c000 	E:\jdk17\bin\vcruntime140_1.dll
0x00007ffce2b00000 - 0x00007ffce2b8e000 	E:\jdk17\bin\msvcp140.dll
0x00007ffcc83d0000 - 0x00007ffcc8fb0000 	E:\jdk17\bin\server\jvm.dll
0x00007ffd05850000 - 0x00007ffd05858000 	C:\Windows\System32\PSAPI.DLL
0x00007ffcfcfc0000 - 0x00007ffcfcfc9000 	C:\Windows\SYSTEM32\WSOCK32.dll
0x00007ffcf2870000 - 0x00007ffcf2897000 	C:\Windows\SYSTEM32\WINMM.dll
0x00007ffd06170000 - 0x00007ffd061db000 	C:\Windows\System32\WS2_32.dll
0x00007ffd03340000 - 0x00007ffd03352000 	C:\Windows\SYSTEM32\kernel.appcore.dll
0x00007ffd00320000 - 0x00007ffd0032a000 	E:\jdk17\bin\jimage.dll
0x00007ffd028b0000 - 0x00007ffd02a94000 	C:\Windows\SYSTEM32\DBGHELP.DLL
0x00007ffce7770000 - 0x00007ffce77a4000 	C:\Windows\SYSTEM32\dbgcore.DLL
0x00007ffd04b80000 - 0x00007ffd04c02000 	C:\Windows\System32\bcryptPrimitives.dll
0x00007ffcff6f0000 - 0x00007ffcff6fe000 	E:\jdk17\bin\instrument.dll
0x00007ffcfcb20000 - 0x00007ffcfcb45000 	E:\jdk17\bin\java.dll
0x00007ffcdc980000 - 0x00007ffcdca57000 	E:\jdk17\bin\jsvml.dll
0x00007ffd065f0000 - 0x00007ffd06d35000 	C:\Windows\System32\SHELL32.dll
0x00007ffd02b90000 - 0x00007ffd0332b000 	C:\Windows\SYSTEM32\windows.storage.dll
0x00007ffd06fe0000 - 0x00007ffd07334000 	C:\Windows\System32\combase.dll
0x00007ffd04570000 - 0x00007ffd0459d000 	C:\Windows\SYSTEM32\Wldp.dll
0x00007ffd061e0000 - 0x00007ffd0628d000 	C:\Windows\System32\SHCORE.dll
0x00007ffd057e0000 - 0x00007ffd05835000 	C:\Windows\System32\shlwapi.dll
0x00007ffd04a60000 - 0x00007ffd04a85000 	C:\Windows\SYSTEM32\profapi.dll
0x00007ffcfc9b0000 - 0x00007ffcfc9c8000 	E:\jdk17\bin\zip.dll
0x00007ffcfcaa0000 - 0x00007ffcfcab9000 	E:\jdk17\bin\net.dll
0x00007ffcfaa80000 - 0x00007ffcfab8a000 	C:\Windows\SYSTEM32\WINHTTP.dll
0x00007ffd042b0000 - 0x00007ffd0431a000 	C:\Windows\system32\mswsock.dll
0x00007ffcfc9d0000 - 0x00007ffcfc9e6000 	E:\jdk17\bin\nio.dll
0x00007ffcfc470000 - 0x00007ffcfc48a000 	E:\IntelliJ IDEA Community Edition 2024.3\bin\breakgen64.dll
0x00007ffcff170000 - 0x00007ffcff180000 	E:\jdk17\bin\verify.dll

dbghelp: loaded successfully - version: 4.0.5 - missing functions: none
symbol engine: initialized successfully - sym options: 0x614 - pdb path: .;E:\jdk17\bin;C:\Windows\SYSTEM32;C:\Windows\WinSxS\amd64_microsoft.windows.common-controls_6595b64144ccf1df_6.0.19041.3636_none_60b6a03d71f818d5;E:\jdk17\bin\server;E:\IntelliJ IDEA Community Edition 2024.3\bin

VM Arguments:
jvm_args: -javaagent:E:\IntelliJ IDEA Community Edition 2024.3\lib\idea_rt.jar=54082:E:\IntelliJ IDEA Community Edition 2024.3\bin -Dfile.encoding=UTF-8 
java_command: com.nguyenminh.microservices.zwallet.ZwalletApplication
java_class_path (initial): C:\Users\lop12\Downloads\zwallet-master\zwallet-master\target\classes;C:\Users\lop12\.m2\repository\com\cloudinary\cloudinary-http44\1.33.0\cloudinary-http44-1.33.0.jar;C:\Users\lop12\.m2\repository\com\cloudinary\cloudinary-core\1.33.0\cloudinary-core-1.33.0.jar;C:\Users\lop12\.m2\repository\org\apache\commons\commons-lang3\3.14.0\commons-lang3-3.14.0.jar;C:\Users\lop12\.m2\repository\org\apache\httpcomponents\httpclient\4.4\httpclient-4.4.jar;C:\Users\lop12\.m2\repository\org\apache\httpcomponents\httpcore\4.4.16\httpcore-4.4.16.jar;C:\Users\lop12\.m2\repository\commons-logging\commons-logging\1.2\commons-logging-1.2.jar;C:\Users\lop12\.m2\repository\commons-codec\commons-codec\1.16.1\commons-codec-1.16.1.jar;C:\Users\lop12\.m2\repository\org\apache\httpcomponents\httpmime\4.4\httpmime-4.4.jar;C:\Users\lop12\.m2\repository\com\fasterxml\jackson\datatype\jackson-datatype-jdk8\2.17.1\jackson-datatype-jdk8-2.17.1.jar;C:\Users\lop12\.m2\repository\com\fasterxml\jackson\core\jackson-core\2.17.1\jackson-core-2.17.1.jar;C:\Users\lop12\.m2\repository\com\fasterxml\jackson\core\jackson-databind\2.17.1\jackson-databind-2.17.1.jar;C:\Users\lop12\.m2\repository\org\springframework\boot\spring-boot-starter-data-mongodb\3.3.1\spring-boot-starter-data-mongodb-3.3.1.jar;C:\Users\lop12\.m2\repository\org\springframework\boot\spring-boot-starter\3.3.1\spring-boot-starter-3.3.1.jar;C:\Users\lop12\.m2\repository\org\springframework\boot\spring-boot-starter-logging\3.3.1\spring-boot-starter-logging-3.3.1.jar;C:\Users\lop12\.m2\repository\ch\qos\logback\logback-classic\1.5.6\logback-classic-1.5.6.jar;C:\Users\lop12\.m2\repository\ch\qos\logback\logback-core\1.5.6\logback-core-1.5.6.jar;C:\Users\lop12\.m2\repository\org\apache\logging\log4j\log4j-to-slf4j\2.23.1\log4j-to-slf4j-2.23.1.jar;C:\Users\lop12\.m2\repository\org\apache\logging\log4j\log4j-api\2.23.1\log4j-api-2.23.1.jar;C:\Users\lop12\.m2\repository\org\slf4j\jul-to-slf4j\2.0.13\jul-to-slf4j-2.0.13.
Launcher Type: SUN_STANDARD

[Global flags]
     intx CICompilerCount                          = 4                                         {product} {ergonomic}
     uint ConcGCThreads                            = 2                                         {product} {ergonomic}
     uint G1ConcRefinementThreads                  = 8                                         {product} {ergonomic}
   size_t G1HeapRegionSize                         = 2097152                                   {product} {ergonomic}
    uintx GCDrainStackTargetSize                   = 64                                        {product} {ergonomic}
   size_t InitialHeapSize                          = 266338304                                 {product} {ergonomic}
   size_t MarkStackSize                            = 4194304                                   {product} {ergonomic}
   size_t MaxHeapSize                              = 4261412864                                {product} {ergonomic}
   size_t MaxNewSize                               = 2556428288                                {product} {ergonomic}
   size_t MinHeapDeltaBytes                        = 2097152                                   {product} {ergonomic}
   size_t MinHeapSize                              = 8388608                                   {product} {ergonomic}
    uintx NonNMethodCodeHeapSize                   = 5839372                                {pd product} {ergonomic}
    uintx NonProfiledCodeHeapSize                  = 122909434                              {pd product} {ergonomic}
    uintx ProfiledCodeHeapSize                     = 122909434                              {pd product} {ergonomic}
    uintx ReservedCodeCacheSize                    = 251658240                              {pd product} {ergonomic}
     bool SegmentedCodeCache                       = true                                      {product} {ergonomic}
   size_t SoftMaxHeapSize                          = 4261412864                             {manageable} {ergonomic}
     bool UseCompressedClassPointers               = true                           {product lp64_product} {ergonomic}
     bool UseCompressedOops                        = true                           {product lp64_product} {ergonomic}
     bool UseG1GC                                  = true                                      {product} {ergonomic}
     bool UseLargePagesIndividualAllocation        = false                                  {pd product} {ergonomic}

Logging:
Log output configuration:
 #0: stdout all=warning uptime,level,tags
 #1: stderr all=off uptime,level,tags

Environment Variables:
PATH=C:\Program Files\Common Files\Oracle\Java\javapath;C:\Python312\Scripts\;C:\Python312\;C:\Windows\system32;C:\Windows;C:\Windows\System32\Wbem;C:\Windows\System32\WindowsPowerShell\v1.0\;C:\Windows\System32\OpenSSH\;E:\Nodejs\;C:\ProgramData\chocolatey\bin;E:\jdk17\bin;E:\Git\cmd;C:\Program Files\Docker\Docker\resources\bin;C:\Program Files\MySQL\MySQL Shell 8.0\bin\;C:\Users\lop12\AppData\Local\Microsoft\WindowsApps;;E:\IntelliJ IDEA Community Edition 2024.3\bin;;E:\Microsoft VS Code\bin;C:\Users\lop12\AppData\Roaming\npm
USERNAME=lop12
OS=Windows_NT
PROCESSOR_IDENTIFIER=Intel64 Family 6 Model 165 Stepping 2, GenuineIntel



---------------  S Y S T E M  ---------------

OS:
 Windows 10 , 64 bit Build 19041 (10.0.19041.3636)
OS uptime: 0 days 10:18 hours
Hyper-V role detected

CPU: total 8 (initial active 8) (4 cores per cpu, 2 threads per core) family 6 model 165 stepping 2 microcode 0xf0, cx8, cmov, fxsr, ht, mmx, 3dnowpref, sse, sse2, sse3, ssse3, sse4.1, sse4.2, popcnt, lzcnt, tsc, tscinvbit, avx, avx2, aes, erms, clmul, bmi1, bmi2, adx, fma, vzeroupper, clflush, clflushopt, hv

Memory: 4k page, system-wide physical 16251M (4440M free)
TotalPageFile size 16251M (AvailPageFile size 5M)
current process WorkingSet (physical memory assigned to process): 52M, peak: 52M
current process commit charge ("private bytes"): 349M, peak: 349M

vm_info: Java HotSpot(TM) 64-Bit Server VM (17.0.12+8-LTS-286) for windows-amd64 JRE (17.0.12+8-LTS-286), built on Jun  5 2024 06:46:59 by "mach5one" with MS VC++ 17.6 (VS2022)

END.
