#
# There is insufficient memory for the Java Runtime Environment to continue.
# Native memory allocation (malloc) failed to allocate 503904 bytes for Chunk::new
# Possible reasons:
#   The system is out of physical RAM or swap space
#   The process is running with CompressedOops enabled, and the Java Heap may be blocking the growth of the native heap
# Possible solutions:
#   Reduce memory load on the system
#   Increase physical memory or swap space
#   Check if swap backing store is full
#   Decrease Java heap size (-Xmx/-Xms)
#   Decrease number of Java threads
#   Decrease Java thread stack sizes (-Xss)
#   Set larger code cache with -XX:ReservedCodeCacheSize=
#   JVM is running with Zero Based Compressed Oops mode in which the Java heap is
#     placed in the first 32GB address space. The Java Heap base address is the
#     maximum limit for the native heap growth. Please use -XX:HeapBaseMinAddress
#     to set the Java Heap base and to place the Java Heap above 32GB virtual address.
# This output file may be truncated or incomplete.
#
#  Out of Memory Error (arena.cpp:189), pid=2540, tid=4552
#
# JRE version: Java(TM) SE Runtime Environment (17.0.12+8) (build 17.0.12+8-LTS-286)
# Java VM: Java HotSpot(TM) 64-Bit Server VM (17.0.12+8-LTS-286, mixed mode, sharing, tiered, compressed oops, compressed class ptrs, g1 gc, windows-amd64)
# No core dump will be written. Minidumps are not enabled by default on client versions of Windows
#

---------------  S U M M A R Y ------------

Command Line: -javaagent:E:\IntelliJ IDEA Community Edition 2024.3\lib\idea_rt.jar=52061:E:\IntelliJ IDEA Community Edition 2024.3\bin -Dfile.encoding=UTF-8 com.nguyenminh.microservices.zwallet.ZwalletApplication

Host: Intel(R) Core(TM) i5-10300H CPU @ 2.50GHz, 8 cores, 15G,  Windows 10 , 64 bit Build 19041 (10.0.19041.3636)
Time: Wed Nov 20 02:06:56 2024 SE Asia Standard Time elapsed time: 920.895021 seconds (0d 0h 15m 20s)

---------------  T H R E A D  ---------------

Current thread (0x000001a8348dbf30):  JavaThread "C2 CompilerThread1" daemon [_thread_in_native, id=4552, stack(0x000000a628400000,0x000000a628500000)]


Current CompileTask:
C2: 920895 8573       4       org.springframework.data.mapping.model.ConvertingPropertyAccessor::setProperty (22 bytes)

Stack: [0x000000a628400000,0x000000a628500000]
Native frames: (J=compiled Java code, j=interpreted, Vv=VM code, C=native code)
V  [jvm.dll+0x67a04a]
V  [jvm.dll+0x7da4ed]
V  [jvm.dll+0x7dbe33]
V  [jvm.dll+0x7dc4a3]
V  [jvm.dll+0x24508f]
V  [jvm.dll+0xab773]
V  [jvm.dll+0xabd3c]
V  [jvm.dll+0x361bee]
V  [jvm.dll+0x1ba64a]
V  [jvm.dll+0x216997]
V  [jvm.dll+0x215c6f]
V  [jvm.dll+0x1a2960]
V  [jvm.dll+0x22610b]
V  [jvm.dll+0x2242ab]
V  [jvm.dll+0x79075c]
V  [jvm.dll+0x78abea]
V  [jvm.dll+0x678f35]
C  [ucrtbase.dll+0x21bb2]
C  [KERNEL32.DLL+0x17344]
C  [ntdll.dll+0x526b1]


---------------  P R O C E S S  ---------------

Threads class SMR info:
_java_thread_list=0x000001a834ebbc30, length=42, elements={
0x000001a834295160, 0x000001a834295ef0, 0x000001a8342a8c70, 0x000001a8342a9540,
0x000001a8342a9e10, 0x000001a8342aa6e0, 0x000001a8342b7000, 0x000001a8343e0550,
0x000001a8343e1660, 0x000001a8344d86d0, 0x000001a8347b0cc0, 0x000001a834a22120,
0x000001a87d78a250, 0x000001a87d7883f0, 0x000001a87d787ee0, 0x000001a87d788e10,
0x000001a87d789830, 0x000001a87d789320, 0x000001a87d789d40, 0x000001a87d786aa0,
0x000001a87c8fcfb0, 0x000001a87c8fb660, 0x000001a87c8fd4c0, 0x000001a87c8fd9d0,
0x000001a87c8fa730, 0x000001a87c8fb150, 0x000001a87c8fa220, 0x000001a87c8fac40,
0x000001a87c8fbb70, 0x000001a87c8fc080, 0x000001a87c8fcaa0, 0x000001a87eae6a70,
0x000001a87eae6050, 0x000001a87eae7490, 0x000001a87eae6f80, 0x000001a87eae9800,
0x000001a87eae5b40, 0x000001a87eae28a0, 0x000001a87eae79a0, 0x000001a87eae6560,
0x000001a87eae7eb0, 0x000001a8348dbf30
}

Java Threads: ( => current thread )
  0x000001a834295160 JavaThread "Reference Handler" daemon [_thread_blocked, id=10180, stack(0x000000a628e00000,0x000000a628f00000)]
  0x000001a834295ef0 JavaThread "Finalizer" daemon [_thread_blocked, id=6344, stack(0x000000a628f00000,0x000000a629000000)]
  0x000001a8342a8c70 JavaThread "Signal Dispatcher" daemon [_thread_blocked, id=6308, stack(0x000000a629000000,0x000000a629100000)]
  0x000001a8342a9540 JavaThread "Attach Listener" daemon [_thread_blocked, id=7996, stack(0x000000a629100000,0x000000a629200000)]
  0x000001a8342a9e10 JavaThread "Service Thread" daemon [_thread_blocked, id=13192, stack(0x000000a629200000,0x000000a629300000)]
  0x000001a8342aa6e0 JavaThread "Monitor Deflation Thread" daemon [_thread_blocked, id=13800, stack(0x000000a629300000,0x000000a629400000)]
  0x000001a8342b7000 JavaThread "C2 CompilerThread0" daemon [_thread_in_native, id=5564, stack(0x000000a629400000,0x000000a629500000)]
  0x000001a8343e0550 JavaThread "C1 CompilerThread0" daemon [_thread_blocked, id=7216, stack(0x000000a629500000,0x000000a629600000)]
  0x000001a8343e1660 JavaThread "Sweeper thread" daemon [_thread_blocked, id=10052, stack(0x000000a629600000,0x000000a629700000)]
  0x000001a8344d86d0 JavaThread "Common-Cleaner" daemon [_thread_blocked, id=8592, stack(0x000000a629700000,0x000000a629800000)]
  0x000001a8347b0cc0 JavaThread "Monitor Ctrl-Break" daemon [_thread_in_native, id=2136, stack(0x000000a629900000,0x000000a629a00000)]
  0x000001a834a22120 JavaThread "Notification Thread" daemon [_thread_blocked, id=9588, stack(0x000000a629a00000,0x000000a629b00000)]
  0x000001a87d78a250 JavaThread "Thread-4" daemon [_thread_in_native, id=8324, stack(0x000000a62a700000,0x000000a62a800000)]
  0x000001a87d7883f0 JavaThread "BufferPoolPruner-1-thread-1" daemon [_thread_blocked, id=12296, stack(0x000000a62a800000,0x000000a62a900000)]
  0x000001a87d787ee0 JavaThread "cluster-ClusterId{value='673cde3b19ba1b262cb541ca', description='Cluster0'}-cluster0-shard-00-02.ip037.mongodb.net:27017" daemon [_thread_in_native, id=5700, stack(0x000000a62aa00000,0x000000a62ab00000)]
  0x000001a87d788e10 JavaThread "cluster-rtt-ClusterId{value='673cde3b19ba1b262cb541ca', description='Cluster0'}-cluster0-shard-00-02.ip037.mongodb.net:27017" daemon [_thread_blocked, id=7512, stack(0x000000a62ab00000,0x000000a62ac00000)]
  0x000001a87d789830 JavaThread "cluster-ClusterId{value='673cde3b19ba1b262cb541ca', description='Cluster0'}-cluster0-shard-00-01.ip037.mongodb.net:27017" daemon [_thread_in_native, id=6440, stack(0x000000a62ac00000,0x000000a62ad00000)]
  0x000001a87d789320 JavaThread "cluster-rtt-ClusterId{value='673cde3b19ba1b262cb541ca', description='Cluster0'}-cluster0-shard-00-01.ip037.mongodb.net:27017" daemon [_thread_blocked, id=10144, stack(0x000000a62ad00000,0x000000a62ae00000)]
  0x000001a87d789d40 JavaThread "cluster-ClusterId{value='673cde3b19ba1b262cb541ca', description='Cluster0'}-cluster0-shard-00-00.ip037.mongodb.net:27017" daemon [_thread_in_native, id=3880, stack(0x000000a62ae00000,0x000000a62af00000)]
  0x000001a87d786aa0 JavaThread "cluster-rtt-ClusterId{value='673cde3b19ba1b262cb541ca', description='Cluster0'}-cluster0-shard-00-00.ip037.mongodb.net:27017" daemon [_thread_blocked, id=6108, stack(0x000000a62af00000,0x000000a62b000000)]
  0x000001a87c8fcfb0 JavaThread "Catalina-utility-1" [_thread_blocked, id=8692, stack(0x000000a62b100000,0x000000a62b200000)]
  0x000001a87c8fb660 JavaThread "Catalina-utility-2" [_thread_blocked, id=13204, stack(0x000000a62b200000,0x000000a62b300000)]
  0x000001a87c8fd4c0 JavaThread "container-0" [_thread_blocked, id=12780, stack(0x000000a62b300000,0x000000a62b400000)]
  0x000001a87c8fd9d0 JavaThread "Live Reload Server" daemon [_thread_in_native, id=13188, stack(0x000000a62b500000,0x000000a62b600000)]
  0x000001a87c8fa730 JavaThread "MaintenanceTimer-4-thread-1" daemon [_thread_blocked, id=10028, stack(0x000000a62b400000,0x000000a62b500000)]
  0x000001a87c8fb150 JavaThread "MaintenanceTimer-3-thread-1" daemon [_thread_blocked, id=11876, stack(0x000000a62b600000,0x000000a62b700000)]
  0x000001a87c8fa220 JavaThread "MaintenanceTimer-2-thread-1" daemon [_thread_blocked, id=13744, stack(0x000000a62b700000,0x000000a62b800000)]
  0x000001a87c8fac40 JavaThread "File Watcher" daemon [_thread_blocked, id=10132, stack(0x000000a62b900000,0x000000a62ba00000)]
  0x000001a87c8fbb70 JavaThread "http-nio-8080-exec-1" daemon [_thread_blocked, id=10256, stack(0x000000a62ba00000,0x000000a62bb00000)]
  0x000001a87c8fc080 JavaThread "http-nio-8080-exec-2" daemon [_thread_blocked, id=1836, stack(0x000000a62bb00000,0x000000a62bc00000)]
  0x000001a87c8fcaa0 JavaThread "http-nio-8080-exec-3" daemon [_thread_blocked, id=11592, stack(0x000000a62bc00000,0x000000a62bd00000)]
  0x000001a87eae6a70 JavaThread "http-nio-8080-exec-4" daemon [_thread_blocked, id=4408, stack(0x000000a62bd00000,0x000000a62be00000)]
  0x000001a87eae6050 JavaThread "http-nio-8080-exec-5" daemon [_thread_blocked, id=10476, stack(0x000000a62be00000,0x000000a62bf00000)]
  0x000001a87eae7490 JavaThread "http-nio-8080-exec-6" daemon [_thread_in_native, id=1184, stack(0x000000a62bf00000,0x000000a62c000000)]
  0x000001a87eae6f80 JavaThread "http-nio-8080-exec-7" daemon [_thread_blocked, id=14192, stack(0x000000a62c000000,0x000000a62c100000)]
  0x000001a87eae9800 JavaThread "http-nio-8080-exec-8" daemon [_thread_blocked, id=5560, stack(0x000000a62c100000,0x000000a62c200000)]
  0x000001a87eae5b40 JavaThread "http-nio-8080-exec-9" daemon [_thread_blocked, id=5092, stack(0x000000a62c200000,0x000000a62c300000)]
  0x000001a87eae28a0 JavaThread "http-nio-8080-exec-10" daemon [_thread_blocked, id=13932, stack(0x000000a62c300000,0x000000a62c400000)]
  0x000001a87eae79a0 JavaThread "http-nio-8080-Poller" daemon [_thread_in_native, id=12820, stack(0x000000a62c400000,0x000000a62c500000)]
  0x000001a87eae6560 JavaThread "http-nio-8080-Acceptor" daemon [_thread_in_native, id=9512, stack(0x000000a62c500000,0x000000a62c600000)]
  0x000001a87eae7eb0 JavaThread "DestroyJavaVM" [_thread_blocked, id=13612, stack(0x000000a628700000,0x000000a628800000)]
=>0x000001a8348dbf30 JavaThread "C2 CompilerThread1" daemon [_thread_in_native, id=4552, stack(0x000000a628400000,0x000000a628500000)]

Other Threads:
  0x000001a83428d630 VMThread "VM Thread" [stack: 0x000000a628d00000,0x000000a628e00000] [id=12840]
  0x000001a8115f0ea0 WatcherThread [stack: 0x000000a629b00000,0x000000a629c00000] [id=2424]
  0x000001a8115d6520 GCTaskThread "GC Thread#0" [stack: 0x000000a628800000,0x000000a628900000] [id=4220]
  0x000001a87a3cb880 GCTaskThread "GC Thread#1" [stack: 0x000000a629e00000,0x000000a629f00000] [id=4508]
  0x000001a87a3fb0c0 GCTaskThread "GC Thread#2" [stack: 0x000000a629f00000,0x000000a62a000000] [id=6884]
  0x000001a87a3fb380 GCTaskThread "GC Thread#3" [stack: 0x000000a62a000000,0x000000a62a100000] [id=4568]
  0x000001a834b94230 GCTaskThread "GC Thread#4" [stack: 0x000000a62a100000,0x000000a62a200000] [id=7444]
  0x000001a834b94970 GCTaskThread "GC Thread#5" [stack: 0x000000a62a200000,0x000000a62a300000] [id=13772]
  0x000001a87a6d9a70 GCTaskThread "GC Thread#6" [stack: 0x000000a62a500000,0x000000a62a600000] [id=3924]
  0x000001a87a78f7d0 GCTaskThread "GC Thread#7" [stack: 0x000000a62a600000,0x000000a62a700000] [id=8488]
  0x000001a8115e8190 ConcurrentGCThread "G1 Main Marker" [stack: 0x000000a628900000,0x000000a628a00000] [id=12176]
  0x000001a8115ea260 ConcurrentGCThread "G1 Conc#0" [stack: 0x000000a628a00000,0x000000a628b00000] [id=9876]
  0x000001a87b1c4970 ConcurrentGCThread "G1 Conc#1" [stack: 0x000000a62a300000,0x000000a62a400000] [id=8460]
  0x000001a81163d130 ConcurrentGCThread "G1 Refine#0" [stack: 0x000000a628b00000,0x000000a628c00000] [id=5756]
  0x000001a834dc2de0 ConcurrentGCThread "G1 Refine#1" [stack: 0x000000a62b800000,0x000000a62b900000] [id=11752]
  0x000001a81163da70 ConcurrentGCThread "G1 Service" [stack: 0x000000a628c00000,0x000000a628d00000] [id=1260]

Threads with active compile tasks:
C2 CompilerThread0   920917 8572       4       org.springframework.data.mongodb.core.convert.MappingMongoConverter$DefaultConversionContext::convert (328 bytes)
C2 CompilerThread1   920917 8573       4       org.springframework.data.mapping.model.ConvertingPropertyAccessor::setProperty (22 bytes)

VM state: not at safepoint (normal execution)

VM Mutex/Monitor currently owned by a thread: None

Heap address: 0x0000000702000000, size: 4064 MB, Compressed Oops mode: Zero based, Oop shift amount: 3

CDS archive(s) mapped at: [0x000001a835000000-0x000001a835bd0000-0x000001a835bd0000), size 12386304, SharedBaseAddress: 0x000001a835000000, ArchiveRelocationMode: 1.
Compressed class space mapped at: 0x000001a836000000-0x000001a876000000, reserved size: 1073741824
Narrow klass base: 0x000001a835000000, Narrow klass shift: 0, Narrow klass range: 0x100000000

GC Precious Log:
 CPUs: 8 total, 8 available
 Memory: 16251M
 Large Page Support: Disabled
 NUMA Support: Disabled
 Compressed Oops: Enabled (Zero based)
 Heap Region Size: 2M
 Heap Min Capacity: 8M
 Heap Initial Capacity: 254M
 Heap Max Capacity: 4064M
 Pre-touch: Disabled
 Parallel Workers: 8
 Concurrent Workers: 2
 Concurrent Refinement Workers: 8
 Periodic GC: Disabled

Heap:
 garbage-first heap   total 81920K, used 40506K [0x0000000702000000, 0x0000000800000000)
  region size 2048K, 6 young (12288K), 1 survivors (2048K)
 Metaspace       used 56673K, committed 57408K, reserved 1114112K
  class space    used 7418K, committed 7744K, reserved 1048576K

Heap Regions: E=young(eden), S=young(survivor), O=old, HS=humongous(starts), HC=humongous(continues), CS=collection set, F=free, OA=open archive, CA=closed archive, TAMS=top-at-mark-start (previous, next)
|   0|0x0000000702000000, 0x0000000702200000, 0x0000000702200000|100%| O|  |TAMS 0x0000000702200000, 0x0000000702000000| Untracked 
|   1|0x0000000702200000, 0x0000000702400000, 0x0000000702400000|100%| O|  |TAMS 0x0000000702400000, 0x0000000702200000| Untracked 
|   2|0x0000000702400000, 0x0000000702536c00, 0x0000000702600000| 60%| O|  |TAMS 0x0000000702536c00, 0x0000000702400000| Untracked 
|   3|0x0000000702600000, 0x0000000702800000, 0x0000000702800000|100%| O|  |TAMS 0x0000000702800000, 0x0000000702600000| Untracked 
|   4|0x0000000702800000, 0x0000000702a00000, 0x0000000702a00000|100%| O|  |TAMS 0x0000000702a00000, 0x0000000702800000| Untracked 
|   5|0x0000000702a00000, 0x0000000702c00000, 0x0000000702c00000|100%| O|  |TAMS 0x0000000702c00000, 0x0000000702a00000| Untracked 
|   6|0x0000000702c00000, 0x0000000702e00000, 0x0000000702e00000|100%| O|  |TAMS 0x0000000702e00000, 0x0000000702c00000| Untracked 
|   7|0x0000000702e00000, 0x0000000703000000, 0x0000000703000000|100%| O|  |TAMS 0x0000000703000000, 0x0000000702e00000| Untracked 
|   8|0x0000000703000000, 0x0000000703200000, 0x0000000703200000|100%| O|  |TAMS 0x0000000703200000, 0x0000000703000000| Untracked 
|   9|0x0000000703200000, 0x0000000703400000, 0x0000000703400000|100%| O|  |TAMS 0x0000000703200000, 0x0000000703200000| Untracked 
|  10|0x0000000703400000, 0x0000000703600000, 0x0000000703600000|100%| O|  |TAMS 0x0000000703400000, 0x0000000703400000| Untracked 
|  11|0x0000000703600000, 0x0000000703800000, 0x0000000703800000|100%| O|  |TAMS 0x0000000703600000, 0x0000000703600000| Untracked 
|  12|0x0000000703800000, 0x0000000703a00000, 0x0000000703a00000|100%| O|  |TAMS 0x0000000703800000, 0x0000000703800000| Untracked 
|  13|0x0000000703a00000, 0x0000000703c00000, 0x0000000703c00000|100%| O|  |TAMS 0x0000000703a00000, 0x0000000703a00000| Untracked 
|  14|0x0000000703c00000, 0x0000000703e00000, 0x0000000703e00000|100%| O|  |TAMS 0x0000000703c00000, 0x0000000703c00000| Untracked 
|  15|0x0000000703e00000, 0x0000000703e57e00, 0x0000000704000000| 17%| O|  |TAMS 0x0000000703e00000, 0x0000000703e00000| Untracked 
|  16|0x0000000704000000, 0x0000000704000000, 0x0000000704200000|  0%| F|  |TAMS 0x0000000704000000, 0x0000000704000000| Untracked 
|  17|0x0000000704200000, 0x0000000704200000, 0x0000000704400000|  0%| F|  |TAMS 0x0000000704200000, 0x0000000704200000| Untracked 
|  18|0x0000000704400000, 0x0000000704400000, 0x0000000704600000|  0%| F|  |TAMS 0x0000000704400000, 0x0000000704400000| Untracked 
|  19|0x0000000704600000, 0x0000000704600000, 0x0000000704800000|  0%| F|  |TAMS 0x0000000704600000, 0x0000000704600000| Untracked 
|  20|0x0000000704800000, 0x0000000704800000, 0x0000000704a00000|  0%| F|  |TAMS 0x0000000704800000, 0x0000000704800000| Untracked 
|  21|0x0000000704a00000, 0x0000000704a00000, 0x0000000704c00000|  0%| F|  |TAMS 0x0000000704a00000, 0x0000000704a00000| Untracked 
|  22|0x0000000704c00000, 0x0000000704e00000, 0x0000000704e00000|100%| S|CS|TAMS 0x0000000704c00000, 0x0000000704c00000| Complete 
|  23|0x0000000704e00000, 0x0000000704e00000, 0x0000000705000000|  0%| F|  |TAMS 0x0000000704e00000, 0x0000000704e00000| Untracked 
|  24|0x0000000705000000, 0x0000000705000000, 0x0000000705200000|  0%| F|  |TAMS 0x0000000705000000, 0x0000000705000000| Untracked 
|  25|0x0000000705200000, 0x0000000705200000, 0x0000000705400000|  0%| F|  |TAMS 0x0000000705200000, 0x0000000705200000| Untracked 
|  26|0x0000000705400000, 0x0000000705400000, 0x0000000705600000|  0%| F|  |TAMS 0x0000000705400000, 0x0000000705400000| Untracked 
|  27|0x0000000705600000, 0x0000000705600000, 0x0000000705800000|  0%| F|  |TAMS 0x0000000705600000, 0x0000000705600000| Untracked 
|  28|0x0000000705800000, 0x0000000705800000, 0x0000000705a00000|  0%| F|  |TAMS 0x0000000705800000, 0x0000000705800000| Untracked 
|  29|0x0000000705a00000, 0x0000000705a00000, 0x0000000705c00000|  0%| F|  |TAMS 0x0000000705a00000, 0x0000000705a00000| Untracked 
|  30|0x0000000705c00000, 0x0000000705c00000, 0x0000000705e00000|  0%| F|  |TAMS 0x0000000705c00000, 0x0000000705c00000| Untracked 
|  31|0x0000000705e00000, 0x0000000705e00000, 0x0000000706000000|  0%| F|  |TAMS 0x0000000705e00000, 0x0000000705e00000| Untracked 
|  32|0x0000000706000000, 0x0000000706000000, 0x0000000706200000|  0%| F|  |TAMS 0x0000000706000000, 0x0000000706000000| Untracked 
|  33|0x0000000706200000, 0x0000000706200000, 0x0000000706400000|  0%| F|  |TAMS 0x0000000706200000, 0x0000000706200000| Untracked 
|  34|0x0000000706400000, 0x0000000706400000, 0x0000000706600000|  0%| F|  |TAMS 0x0000000706400000, 0x0000000706400000| Untracked 
|  35|0x0000000706600000, 0x00000007067144c8, 0x0000000706800000| 53%| E|  |TAMS 0x0000000706600000, 0x0000000706600000| Complete 
|  36|0x0000000706800000, 0x0000000706a00000, 0x0000000706a00000|100%| E|CS|TAMS 0x0000000706800000, 0x0000000706800000| Complete 
|  37|0x0000000706a00000, 0x0000000706c00000, 0x0000000706c00000|100%| E|CS|TAMS 0x0000000706a00000, 0x0000000706a00000| Complete 
|  38|0x0000000706c00000, 0x0000000706e00000, 0x0000000706e00000|100%| E|CS|TAMS 0x0000000706c00000, 0x0000000706c00000| Complete 
| 126|0x0000000711c00000, 0x0000000711e00000, 0x0000000711e00000|100%| E|CS|TAMS 0x0000000711c00000, 0x0000000711c00000| Complete 

Card table byte_map: [0x000001a828950000,0x000001a829140000] _byte_map_base: 0x000001a825140000

Marking Bits (Prev, Next): (CMBitMap*) 0x000001a8115d7aa0, (CMBitMap*) 0x000001a8115d7a60
 Prev Bits: [0x000001a82d8b0000, 0x000001a831830000)
 Next Bits: [0x000001a829930000, 0x000001a82d8b0000)

Polling page: 0x000001a80f580000

Metaspace:

Usage:
  Non-class:     48.10 MB used.
      Class:      7.24 MB used.
       Both:     55.35 MB used.

Virtual space:
  Non-class space:       64.00 MB reserved,      48.50 MB ( 76%) committed,  1 nodes.
      Class space:        1.00 GB reserved,       7.56 MB ( <1%) committed,  1 nodes.
             Both:        1.06 GB reserved,      56.06 MB (  5%) committed. 

Chunk freelists:
   Non-Class:  15.05 MB
       Class:  8.47 MB
        Both:  23.51 MB

MaxMetaspaceSize: unlimited
CompressedClassSpaceSize: 1.00 GB
Initial GC threshold: 21.00 MB
Current GC threshold: 71.38 MB
CDS: on
MetaspaceReclaimPolicy: balanced
 - commit_granule_bytes: 65536.
 - commit_granule_words: 8192.
 - virtual_space_node_default_size: 8388608.
 - enlarge_chunks_in_place: 1.
 - new_chunks_are_fully_committed: 0.
 - uncommit_free_chunks: 1.
 - use_allocation_guard: 0.
 - handle_deallocations: 1.


Internal statistics:

num_allocs_failed_limit: 9.
num_arena_births: 1112.
num_arena_deaths: 0.
num_vsnodes_births: 2.
num_vsnodes_deaths: 0.
num_space_committed: 897.
num_space_uncommitted: 0.
num_chunks_returned_to_freelist: 9.
num_chunks_taken_from_freelist: 3250.
num_chunk_merges: 6.
num_chunk_splits: 2142.
num_chunks_enlarged: 1438.
num_inconsistent_stats: 0.

CodeHeap 'non-profiled nmethods': size=120000Kb used=4434Kb max_used=4823Kb free=115565Kb
 bounds [0x000001a820900000, 0x000001a820dc0000, 0x000001a827e30000]
CodeHeap 'profiled nmethods': size=120000Kb used=14715Kb max_used=15500Kb free=105284Kb
 bounds [0x000001a818e30000, 0x000001a819d60000, 0x000001a820360000]
CodeHeap 'non-nmethods': size=5760Kb used=1338Kb max_used=1424Kb free=4421Kb
 bounds [0x000001a820360000, 0x000001a8205d0000, 0x000001a820900000]
 total_blobs=8127 nmethods=7461 adapters=578
 compilation: enabled
              stopped_count=0, restarted_count=0
 full_count=0

Compilation events (20 events):
Event: 920.561 Thread 0x000001a8348dbf30 8566       4       org.springframework.data.util.CustomCollections$SearchableTypes$$Lambda$938/0x000001a8364d91b0::test (12 bytes)
Event: 920.562 Thread 0x000001a8348dbf30 nmethod 8566 0x000001a820aa6890 code [0x000001a820aa6a20, 0x000001a820aa6b78]
Event: 920.562 Thread 0x000001a8348dbf30 8564       4       org.springframework.data.util.ClassTypeInformation::isMap (5 bytes)
Event: 920.565 Thread 0x000001a8342b7000 nmethod 8563 0x000001a820abe890 code [0x000001a820abea20, 0x000001a820abf078]
Event: 920.572 Thread 0x000001a8348dbf30 nmethod 8564 0x000001a820924e90 code [0x000001a820925040, 0x000001a820925668]
Event: 920.666 Thread 0x000001a8343e0550 8568       3       io.micrometer.core.instrument.distribution.DistributionStatisticConfig$Builder::minimumExpectedValue (11 bytes)
Event: 920.666 Thread 0x000001a8343e0550 nmethod 8568 0x000001a818fc2310 code [0x000001a818fc24c0, 0x000001a818fc2698]
Event: 920.666 Thread 0x000001a8343e0550 8569       3       io.micrometer.core.instrument.distribution.DistributionStatisticConfig::access$402 (7 bytes)
Event: 920.666 Thread 0x000001a8343e0550 nmethod 8569 0x000001a819402810 code [0x000001a8194029a0, 0x000001a819402af8]
Event: 920.666 Thread 0x000001a8348dbf30 8570       4       org.bson.AbstractBsonWriter::checkState (39 bytes)
Event: 920.668 Thread 0x000001a8348dbf30 nmethod 8570 0x000001a820924a10 code [0x000001a820924ba0, 0x000001a820924cd8]
Event: 920.835 Thread 0x000001a8348dbf30 8571       4       org.springframework.data.mongodb.core.convert.MappingMongoConverter$ConversionContext::convert (10 bytes)
Event: 920.835 Thread 0x000001a8342b7000 8572       4       org.springframework.data.mongodb.core.convert.MappingMongoConverter$DefaultConversionContext::convert (328 bytes)
Event: 920.836 Thread 0x000001a8343e0550 8576       3       com.mongodb.internal.connection.DefaultConnectionPool::requiresLogging (11 bytes)
Event: 920.836 Thread 0x000001a8343e0550 nmethod 8576 0x000001a819005e90 code [0x000001a819006040, 0x000001a819006188]
Event: 920.837 Thread 0x000001a8348dbf30 nmethod 8571 0x000001a820abe290 code [0x000001a820abe440, 0x000001a820abe608]
Event: 920.837 Thread 0x000001a8348dbf30 8573       4       org.springframework.data.mapping.model.ConvertingPropertyAccessor::setProperty (22 bytes)
Event: 920.893 Thread 0x000001a8343e0550 8577       1       io.micrometer.core.instrument.MeterRegistry::access$800 (5 bytes)
Event: 920.893 Thread 0x000001a8343e0550 nmethod 8577 0x000001a820909510 code [0x000001a8209096a0, 0x000001a820909758]
Event: 920.893 Thread 0x000001a8343e0550 8578       3       io.micrometer.core.instrument.util.TimeUtils::convert (94 bytes)

GC Heap History (20 events):
Event: 4.292 GC heap before
{Heap before GC invocations=7 (full 0):
 garbage-first heap   total 55296K, used 36128K [0x0000000702000000, 0x0000000800000000)
  region size 2048K, 11 young (22528K), 2 survivors (4096K)
 Metaspace       used 30535K, committed 31040K, reserved 1114112K
  class space    used 3917K, committed 4160K, reserved 1048576K
}
Event: 4.296 GC heap after
{Heap after GC invocations=8 (full 0):
 garbage-first heap   total 55296K, used 19199K [0x0000000702000000, 0x0000000800000000)
  region size 2048K, 1 young (2048K), 1 survivors (2048K)
 Metaspace       used 30535K, committed 31040K, reserved 1114112K
  class space    used 3917K, committed 4160K, reserved 1048576K
}
Event: 4.802 GC heap before
{Heap before GC invocations=8 (full 0):
 garbage-first heap   total 55296K, used 35583K [0x0000000702000000, 0x0000000800000000)
  region size 2048K, 10 young (20480K), 1 survivors (2048K)
 Metaspace       used 35595K, committed 35968K, reserved 1114112K
  class space    used 4616K, committed 4800K, reserved 1048576K
}
Event: 4.806 GC heap after
{Heap after GC invocations=9 (full 0):
 garbage-first heap   total 157696K, used 20605K [0x0000000702000000, 0x0000000800000000)
  region size 2048K, 2 young (4096K), 2 survivors (4096K)
 Metaspace       used 35595K, committed 35968K, reserved 1114112K
  class space    used 4616K, committed 4800K, reserved 1048576K
}
Event: 5.688 GC heap before
{Heap before GC invocations=10 (full 0):
 garbage-first heap   total 81920K, used 65661K [0x0000000702000000, 0x0000000800000000)
  region size 2048K, 24 young (49152K), 2 survivors (4096K)
 Metaspace       used 43299K, committed 43840K, reserved 1114112K
  class space    used 5688K, committed 5952K, reserved 1048576K
}
Event: 5.695 GC heap after
{Heap after GC invocations=11 (full 0):
 garbage-first heap   total 81920K, used 25107K [0x0000000702000000, 0x0000000800000000)
  region size 2048K, 3 young (6144K), 3 survivors (6144K)
 Metaspace       used 43299K, committed 43840K, reserved 1114112K
  class space    used 5688K, committed 5952K, reserved 1048576K
}
Event: 6.340 GC heap before
{Heap before GC invocations=12 (full 0):
 garbage-first heap   total 81920K, used 59923K [0x0000000702000000, 0x0000000800000000)
  region size 2048K, 20 young (40960K), 3 survivors (6144K)
 Metaspace       used 46162K, committed 46656K, reserved 1114112K
  class space    used 6076K, committed 6336K, reserved 1048576K
}
Event: 6.349 GC heap after
{Heap after GC invocations=13 (full 0):
 garbage-first heap   total 81920K, used 28198K [0x0000000702000000, 0x0000000800000000)
  region size 2048K, 2 young (4096K), 2 survivors (4096K)
 Metaspace       used 46162K, committed 46656K, reserved 1114112K
  class space    used 6076K, committed 6336K, reserved 1048576K
}
Event: 18.233 GC heap before
{Heap before GC invocations=13 (full 0):
 garbage-first heap   total 81920K, used 60966K [0x0000000702000000, 0x0000000800000000)
  region size 2048K, 18 young (36864K), 2 survivors (4096K)
 Metaspace       used 49881K, committed 50368K, reserved 1114112K
  class space    used 6615K, committed 6848K, reserved 1048576K
}
Event: 18.239 GC heap after
{Heap after GC invocations=14 (full 0):
 garbage-first heap   total 81920K, used 30330K [0x0000000702000000, 0x0000000800000000)
  region size 2048K, 3 young (6144K), 3 survivors (6144K)
 Metaspace       used 49881K, committed 50368K, reserved 1114112K
  class space    used 6615K, committed 6848K, reserved 1048576K
}
Event: 61.303 GC heap before
{Heap before GC invocations=14 (full 0):
 garbage-first heap   total 81920K, used 59002K [0x0000000702000000, 0x0000000800000000)
  region size 2048K, 18 young (36864K), 3 survivors (6144K)
 Metaspace       used 55288K, committed 55936K, reserved 1114112K
  class space    used 7322K, committed 7616K, reserved 1048576K
}
Event: 61.311 GC heap after
{Heap after GC invocations=15 (full 0):
 garbage-first heap   total 81920K, used 31970K [0x0000000702000000, 0x0000000800000000)
  region size 2048K, 3 young (6144K), 3 survivors (6144K)
 Metaspace       used 55288K, committed 55936K, reserved 1114112K
  class space    used 7322K, committed 7616K, reserved 1048576K
}
Event: 249.565 GC heap before
{Heap before GC invocations=15 (full 0):
 garbage-first heap   total 81920K, used 62690K [0x0000000702000000, 0x0000000800000000)
  region size 2048K, 18 young (36864K), 3 survivors (6144K)
 Metaspace       used 55887K, committed 56512K, reserved 1114112K
  class space    used 7385K, committed 7680K, reserved 1048576K
}
Event: 249.569 GC heap after
{Heap after GC invocations=16 (full 0):
 garbage-first heap   total 81920K, used 32215K [0x0000000702000000, 0x0000000800000000)
  region size 2048K, 1 young (2048K), 1 survivors (2048K)
 Metaspace       used 55887K, committed 56512K, reserved 1114112K
  class space    used 7385K, committed 7680K, reserved 1048576K
}
Event: 443.421 GC heap before
{Heap before GC invocations=16 (full 0):
 garbage-first heap   total 81920K, used 64983K [0x0000000702000000, 0x0000000800000000)
  region size 2048K, 17 young (34816K), 1 survivors (2048K)
 Metaspace       used 56277K, committed 57024K, reserved 1114112K
  class space    used 7411K, committed 7744K, reserved 1048576K
}
Event: 443.424 GC heap after
{Heap after GC invocations=17 (full 0):
 garbage-first heap   total 81920K, used 32314K [0x0000000702000000, 0x0000000800000000)
  region size 2048K, 1 young (2048K), 1 survivors (2048K)
 Metaspace       used 56277K, committed 57024K, reserved 1114112K
  class space    used 7411K, committed 7744K, reserved 1048576K
}
Event: 672.251 GC heap before
{Heap before GC invocations=17 (full 0):
 garbage-first heap   total 81920K, used 65082K [0x0000000702000000, 0x0000000800000000)
  region size 2048K, 17 young (34816K), 1 survivors (2048K)
 Metaspace       used 56394K, committed 57088K, reserved 1114112K
  class space    used 7418K, committed 7744K, reserved 1048576K
}
Event: 672.254 GC heap after
{Heap after GC invocations=18 (full 0):
 garbage-first heap   total 81920K, used 32310K [0x0000000702000000, 0x0000000800000000)
  region size 2048K, 1 young (2048K), 1 survivors (2048K)
 Metaspace       used 56394K, committed 57088K, reserved 1114112K
  class space    used 7418K, committed 7744K, reserved 1048576K
}
Event: 867.902 GC heap before
{Heap before GC invocations=18 (full 0):
 garbage-first heap   total 81920K, used 65078K [0x0000000702000000, 0x0000000800000000)
  region size 2048K, 17 young (34816K), 1 survivors (2048K)
 Metaspace       used 56647K, committed 57344K, reserved 1114112K
  class space    used 7418K, committed 7744K, reserved 1048576K
}
Event: 867.906 GC heap after
{Heap after GC invocations=19 (full 0):
 garbage-first heap   total 81920K, used 32314K [0x0000000702000000, 0x0000000800000000)
  region size 2048K, 1 young (2048K), 1 survivors (2048K)
 Metaspace       used 56647K, committed 57344K, reserved 1114112K
  class space    used 7418K, committed 7744K, reserved 1048576K
}

Deoptimization events (20 events):
Event: 289.983 Thread 0x000001a87eae6050 DEOPT PACKING pc=0x000001a819975072 sp=0x000000a62bef96a0
Event: 289.983 Thread 0x000001a87eae6050 DEOPT UNPACKING pc=0x000001a8203b2b43 sp=0x000000a62bef8b18 mode 0
Event: 289.983 Thread 0x000001a87eae6050 DEOPT PACKING pc=0x000001a819975072 sp=0x000000a62bef9670
Event: 289.983 Thread 0x000001a87eae6050 DEOPT UNPACKING pc=0x000001a8203b2b43 sp=0x000000a62bef8ae8 mode 0
Event: 289.983 Thread 0x000001a87eae6050 DEOPT PACKING pc=0x000001a819975072 sp=0x000000a62bef9700
Event: 289.983 Thread 0x000001a87eae6050 DEOPT UNPACKING pc=0x000001a8203b2b43 sp=0x000000a62bef8b78 mode 0
Event: 289.983 Thread 0x000001a87eae6050 DEOPT PACKING pc=0x000001a819975072 sp=0x000000a62bef9650
Event: 289.983 Thread 0x000001a87eae6050 DEOPT UNPACKING pc=0x000001a8203b2b43 sp=0x000000a62bef8ac8 mode 0
Event: 802.422 Thread 0x000001a87c8fc080 Uncommon trap: trap_request=0xfffffff4 fr.pc=0x000001a820da0c14 relative=0x0000000000000734
Event: 802.422 Thread 0x000001a87c8fc080 Uncommon trap: reason=null_check action=make_not_entrant pc=0x000001a820da0c14 method=org.springframework.core.convert.TypeDescriptor.isCollection()Z @ 6 c2
Event: 802.422 Thread 0x000001a87c8fc080 DEOPT PACKING pc=0x000001a820da0c14 sp=0x000000a62bbf9610
Event: 802.422 Thread 0x000001a87c8fc080 DEOPT UNPACKING pc=0x000001a8203b23a3 sp=0x000000a62bbf9580 mode 2
Event: 802.782 Thread 0x000001a87c8fc080 Uncommon trap: trap_request=0xffffff76 fr.pc=0x000001a820dafec4 relative=0x0000000000000404
Event: 802.782 Thread 0x000001a87c8fc080 Uncommon trap: reason=predicate action=maybe_recompile pc=0x000001a820dafec4 method=org.springframework.data.util.CustomCollections$SearchableTypes.isOneOf(Ljava/lang/Class;Ljava/util/function/BiPredicate;Ljava/util/function/Function;)Ljava/lang/Object; @
Event: 802.782 Thread 0x000001a87c8fc080 DEOPT PACKING pc=0x000001a820dafec4 sp=0x000000a62bbf4060
Event: 802.782 Thread 0x000001a87c8fc080 DEOPT UNPACKING pc=0x000001a8203b23a3 sp=0x000000a62bbf4000 mode 2
Event: 802.958 Thread 0x000001a87c8fc080 Uncommon trap: trap_request=0xfffffff4 fr.pc=0x000001a820db24e4 relative=0x0000000000000424
Event: 802.958 Thread 0x000001a87c8fc080 Uncommon trap: reason=null_check action=make_not_entrant pc=0x000001a820db24e4 method=org.springframework.data.util.CustomCollections$SearchableTypes.lambda$static$1(Ljava/lang/Class;Ljava/lang/Class;)Z @ 2 c2
Event: 802.958 Thread 0x000001a87c8fc080 DEOPT PACKING pc=0x000001a820db24e4 sp=0x000000a62bbf4050
Event: 802.959 Thread 0x000001a87c8fc080 DEOPT UNPACKING pc=0x000001a8203b23a3 sp=0x000000a62bbf3f20 mode 2

Classes unloaded (0 events):
No events

Classes redefined (0 events):
No events

Internal exceptions (20 events):
Event: 162.210 Thread 0x000001a87d789830 Exception <a 'java/net/ConnectException'{0x0000000705f20630}: Connection refused: no further information> (0x0000000705f20630) 
thrown [s\open\src\hotspot\share\prims\jni.cpp, line 535]
Event: 162.210 Thread 0x000001a87d789830 Exception <a 'java/net/SocketException'{0x0000000705f20968}: Socket is not connected: shutdown> (0x0000000705f20968) 
thrown [s\open\src\hotspot\share\prims\jni.cpp, line 535]
Event: 166.496 Thread 0x000001a87d789320 Exception <a 'java/lang/reflect/InvocationTargetException'{0x0000000705e974e0}> (0x0000000705e974e0) 
thrown [s\open\src\hotspot\share\runtime\reflection.cpp, line 1121]
Event: 172.221 Thread 0x000001a87d789830 Exception <a 'java/lang/reflect/InvocationTargetException'{0x0000000705f23d38}> (0x0000000705f23d38) 
thrown [s\open\src\hotspot\share\runtime\reflection.cpp, line 1121]
Event: 267.402 Thread 0x000001a87d788e10 Exception <a 'sun/net/ConnectionResetException'{0x0000000706cc52c0}: Connection reset> (0x0000000706cc52c0) 
thrown [s\open\src\hotspot\share\prims\jni.cpp, line 535]
Event: 267.402 Thread 0x000001a87d788e10 Exception <a 'java/io/IOException'{0x0000000706cc7160}: Connection reset by peer> (0x0000000706cc7160) 
thrown [s\open\src\hotspot\share\prims\jni.cpp, line 535]
Event: 267.526 Thread 0x000001a87d787ee0 Exception <a 'java/lang/reflect/InvocationTargetException'{0x0000000706ce40f0}> (0x0000000706ce40f0) 
thrown [s\open\src\hotspot\share\runtime\reflection.cpp, line 1121]
Event: 269.840 Thread 0x000001a87d787ee0 Exception <a 'java/net/ConnectException'{0x0000000706ce53e8}: Connection refused: no further information> (0x0000000706ce53e8) 
thrown [s\open\src\hotspot\share\prims\jni.cpp, line 535]
Event: 269.840 Thread 0x000001a87d787ee0 Exception <a 'java/net/SocketException'{0x0000000706ce5720}: Socket is not connected: shutdown> (0x0000000706ce5720) 
thrown [s\open\src\hotspot\share\prims\jni.cpp, line 535]
Event: 277.413 Thread 0x000001a87d788e10 Exception <a 'java/lang/reflect/InvocationTargetException'{0x0000000706cca8b0}> (0x0000000706cca8b0) 
thrown [s\open\src\hotspot\share\runtime\reflection.cpp, line 1121]
Event: 279.729 Thread 0x000001a87d788e10 Exception <a 'java/net/ConnectException'{0x0000000706ccbba8}: Connection refused: no further information> (0x0000000706ccbba8) 
thrown [s\open\src\hotspot\share\prims\jni.cpp, line 535]
Event: 279.729 Thread 0x000001a87d788e10 Exception <a 'java/net/SocketException'{0x0000000706ccbee0}: Socket is not connected: shutdown> (0x0000000706ccbee0) 
thrown [s\open\src\hotspot\share\prims\jni.cpp, line 535]
Event: 279.856 Thread 0x000001a87d787ee0 Exception <a 'java/lang/reflect/InvocationTargetException'{0x0000000706abb048}> (0x0000000706abb048) 
thrown [s\open\src\hotspot\share\runtime\reflection.cpp, line 1121]
Event: 282.188 Thread 0x000001a87d787ee0 Exception <a 'java/net/ConnectException'{0x0000000706abc340}: Connection refused: no further information> (0x0000000706abc340) 
thrown [s\open\src\hotspot\share\prims\jni.cpp, line 535]
Event: 282.188 Thread 0x000001a87d787ee0 Exception <a 'java/net/SocketException'{0x0000000706abc678}: Socket is not connected: shutdown> (0x0000000706abc678) 
thrown [s\open\src\hotspot\share\prims\jni.cpp, line 535]
Event: 289.456 Thread 0x000001a87eae6050 Exception <a 'java/lang/IncompatibleClassChangeError'{0x000000070682fb90}: Found class java.lang.Object, but interface was expected> (0x000000070682fb90) 
thrown [s\open\src\hotspot\share\interpreter\linkResolver.cpp, line 826]
Event: 289.457 Thread 0x000001a87eae6050 Exception <a 'java/lang/IncompatibleClassChangeError'{0x0000000706833910}: Found class java.lang.Object, but interface was expected> (0x0000000706833910) 
thrown [s\open\src\hotspot\share\interpreter\linkResolver.cpp, line 826]
Event: 289.457 Thread 0x000001a87eae6050 Exception <a 'java/lang/IncompatibleClassChangeError'{0x00000007068373f8}: Found class java.lang.Object, but interface was expected> (0x00000007068373f8) 
thrown [s\open\src\hotspot\share\interpreter\linkResolver.cpp, line 826]
Event: 564.885 Thread 0x000001a87eae9800 Exception <a 'java/lang/NoSuchMethodError'{0x0000000705f33978}: 'java.lang.Object java.lang.invoke.DirectMethodHandle$Holder.invokeStatic(java.lang.Object, int, int)'> (0x0000000705f33978) 
thrown [s\open\src\hotspot\share\interpreter\linkResolver.cpp, line 759]
Event: 802.422 Thread 0x000001a87c8fc080 Implicit null exception at 0x000001a820da05e5 to 0x000001a820da0c04

VM Operations (20 events):
Event: 802.976 Executing VM operation: HandshakeAllThreads
Event: 802.976 Executing VM operation: HandshakeAllThreads done
Event: 803.978 Executing VM operation: Cleanup
Event: 803.979 Executing VM operation: Cleanup done
Event: 831.238 Executing VM operation: Cleanup
Event: 831.238 Executing VM operation: Cleanup done
Event: 833.263 Executing VM operation: Cleanup
Event: 833.263 Executing VM operation: Cleanup done
Event: 867.902 Executing VM operation: G1CollectForAllocation
Event: 867.906 Executing VM operation: G1CollectForAllocation done
Event: 868.910 Executing VM operation: Cleanup
Event: 868.910 Executing VM operation: Cleanup done
Event: 873.964 Executing VM operation: Cleanup
Event: 873.964 Executing VM operation: Cleanup done
Event: 881.047 Executing VM operation: Cleanup
Event: 881.047 Executing VM operation: Cleanup done
Event: 891.155 Executing VM operation: Cleanup
Event: 891.155 Executing VM operation: Cleanup done
Event: 920.469 Executing VM operation: Cleanup
Event: 920.469 Executing VM operation: Cleanup done

Events (20 events):
Event: 802.984 Thread 0x000001a8343e1660 flushing nmethod 0x000001a8198a0890
Event: 802.984 Thread 0x000001a8343e1660 flushing nmethod 0x000001a8198a5790
Event: 802.984 Thread 0x000001a8343e1660 flushing nmethod 0x000001a8198a5d10
Event: 802.984 Thread 0x000001a8343e1660 flushing nmethod 0x000001a8198a7f10
Event: 802.984 Thread 0x000001a8343e1660 flushing nmethod 0x000001a8198ac390
Event: 802.984 Thread 0x000001a8343e1660 flushing nmethod 0x000001a8198af210
Event: 802.984 Thread 0x000001a8343e1660 flushing nmethod 0x000001a8198b6410
Event: 802.984 Thread 0x000001a8343e1660 flushing nmethod 0x000001a8198b7d90
Event: 802.984 Thread 0x000001a8343e1660 flushing nmethod 0x000001a8198b9810
Event: 802.984 Thread 0x000001a8343e1660 flushing nmethod 0x000001a8198ba110
Event: 802.984 Thread 0x000001a8343e1660 flushing nmethod 0x000001a8198ba490
Event: 802.984 Thread 0x000001a8343e1660 flushing nmethod 0x000001a8198bae90
Event: 802.984 Thread 0x000001a8343e1660 flushing nmethod 0x000001a8198bb210
Event: 802.984 Thread 0x000001a8343e1660 flushing nmethod 0x000001a8198bf490
Event: 802.984 Thread 0x000001a8343e1660 flushing nmethod 0x000001a8198bfc90
Event: 802.984 Thread 0x000001a8343e1660 flushing nmethod 0x000001a8198c2d10
Event: 802.984 Thread 0x000001a8343e1660 flushing nmethod 0x000001a8198ca910
Event: 802.984 Thread 0x000001a8343e1660 flushing nmethod 0x000001a8198d3010
Event: 802.984 Thread 0x000001a8343e1660 flushing nmethod 0x000001a81990ed10
Event: 920.560 Thread 0x000001a8348dbf30 Thread added: 0x000001a8348dbf30


Dynamic libraries:
0x00007ff77ccc0000 - 0x00007ff77ccd0000 	E:\jdk17\bin\java.exe
0x00007ffab1850000 - 0x00007ffab1a48000 	C:\Windows\SYSTEM32\ntdll.dll
0x00007ffaaf9e0000 - 0x00007ffaafa9d000 	C:\Windows\System32\KERNEL32.DLL
0x00007ffaaf210000 - 0x00007ffaaf506000 	C:\Windows\System32\KERNELBASE.dll
0x00007ffaaf7b0000 - 0x00007ffaaf8b0000 	C:\Windows\System32\ucrtbase.dll
0x00007ffaa7870000 - 0x00007ffaa788b000 	E:\jdk17\bin\VCRUNTIME140.dll
0x00007ffaa79d0000 - 0x00007ffaa79e9000 	E:\jdk17\bin\jli.dll
0x00007ffaafd60000 - 0x00007ffaafe0f000 	C:\Windows\System32\ADVAPI32.dll
0x00007ffab0730000 - 0x00007ffab07ce000 	C:\Windows\System32\msvcrt.dll
0x00007ffaaf8b0000 - 0x00007ffaaf94c000 	C:\Windows\System32\sechost.dll
0x00007ffab16e0000 - 0x00007ffab1806000 	C:\Windows\System32\RPCRT4.dll
0x00007ffab0460000 - 0x00007ffab05fe000 	C:\Windows\System32\USER32.dll
0x00007ffaaf140000 - 0x00007ffaaf162000 	C:\Windows\System32\win32u.dll
0x00007ffaafaa0000 - 0x00007ffaafacc000 	C:\Windows\System32\GDI32.dll
0x00007ffaaf510000 - 0x00007ffaaf62a000 	C:\Windows\System32\gdi32full.dll
0x00007ffaaf170000 - 0x00007ffaaf20d000 	C:\Windows\System32\msvcp_win.dll
0x00007ffa92fc0000 - 0x00007ffa9325a000 	C:\Windows\WinSxS\amd64_microsoft.windows.common-controls_6595b64144ccf1df_6.0.19041.3636_none_60b6a03d71f818d5\COMCTL32.dll
0x00007ffaa87c0000 - 0x00007ffaa87ca000 	C:\Windows\SYSTEM32\VERSION.dll
0x00007ffab0090000 - 0x00007ffab00c0000 	C:\Windows\System32\IMM32.DLL
0x00007ffaa9750000 - 0x00007ffaa975c000 	E:\jdk17\bin\vcruntime140_1.dll
0x00007ffaa40e0000 - 0x00007ffaa416e000 	E:\jdk17\bin\msvcp140.dll
0x00007ffa730c0000 - 0x00007ffa73ca0000 	E:\jdk17\bin\server\jvm.dll
0x00007ffaaffa0000 - 0x00007ffaaffa8000 	C:\Windows\System32\PSAPI.DLL
0x00007ffaa6630000 - 0x00007ffaa6639000 	C:\Windows\SYSTEM32\WSOCK32.dll
0x00007ffaa2040000 - 0x00007ffaa2067000 	C:\Windows\SYSTEM32\WINMM.dll
0x00007ffab1670000 - 0x00007ffab16db000 	C:\Windows\System32\WS2_32.dll
0x00007ffaad740000 - 0x00007ffaad752000 	C:\Windows\SYSTEM32\kernel.appcore.dll
0x00007ffaa74b0000 - 0x00007ffaa74ba000 	E:\jdk17\bin\jimage.dll
0x00007ffaad450000 - 0x00007ffaad634000 	C:\Windows\SYSTEM32\DBGHELP.DLL
0x00007ffaa6460000 - 0x00007ffaa6494000 	C:\Windows\SYSTEM32\dbgcore.DLL
0x00007ffaaf720000 - 0x00007ffaaf7a2000 	C:\Windows\System32\bcryptPrimitives.dll
0x00007ffaa6620000 - 0x00007ffaa662e000 	E:\jdk17\bin\instrument.dll
0x00007ffaa6640000 - 0x00007ffaa6665000 	E:\jdk17\bin\java.dll
0x00007ffa8e640000 - 0x00007ffa8e717000 	E:\jdk17\bin\jsvml.dll
0x00007ffab0c40000 - 0x00007ffab1385000 	C:\Windows\System32\SHELL32.dll
0x00007ffaaccb0000 - 0x00007ffaad44b000 	C:\Windows\SYSTEM32\windows.storage.dll
0x00007ffab00e0000 - 0x00007ffab0434000 	C:\Windows\System32\combase.dll
0x00007ffaae970000 - 0x00007ffaae99d000 	C:\Windows\SYSTEM32\Wldp.dll
0x00007ffab1560000 - 0x00007ffab160d000 	C:\Windows\System32\SHCORE.dll
0x00007ffaaff40000 - 0x00007ffaaff95000 	C:\Windows\System32\shlwapi.dll
0x00007ffaaee60000 - 0x00007ffaaee85000 	C:\Windows\SYSTEM32\profapi.dll
0x00007ffaa3e00000 - 0x00007ffaa3e18000 	E:\jdk17\bin\zip.dll
0x00007ffaa64c0000 - 0x00007ffaa64d9000 	E:\jdk17\bin\net.dll
0x00007ffaa66f0000 - 0x00007ffaa67fa000 	C:\Windows\SYSTEM32\WINHTTP.dll
0x00007ffaae6b0000 - 0x00007ffaae71a000 	C:\Windows\system32\mswsock.dll
0x00007ffaa62c0000 - 0x00007ffaa62d6000 	E:\jdk17\bin\nio.dll
0x00007ffaa3de0000 - 0x00007ffaa3dfa000 	E:\IntelliJ IDEA Community Edition 2024.3\bin\breakgen64.dll
0x00007ffaa74a0000 - 0x00007ffaa74b0000 	E:\jdk17\bin\verify.dll
0x00007ffaa40a0000 - 0x00007ffaa40aa000 	E:\jdk17\bin\management.dll
0x00007ffaa3dd0000 - 0x00007ffaa3ddb000 	E:\jdk17\bin\management_ext.dll
0x00007ffaa64b0000 - 0x00007ffaa64be000 	E:\jdk17\bin\sunmscapi.dll
0x00007ffaaef30000 - 0x00007ffaaf08d000 	C:\Windows\System32\CRYPT32.dll
0x00007ffaae9e0000 - 0x00007ffaaea07000 	C:\Windows\SYSTEM32\ncrypt.dll
0x00007ffaae9a0000 - 0x00007ffaae9db000 	C:\Windows\SYSTEM32\NTASN1.dll
0x00007ffaae8c0000 - 0x00007ffaae8d8000 	C:\Windows\SYSTEM32\CRYPTSP.dll
0x00007ffaadf50000 - 0x00007ffaadf84000 	C:\Windows\system32\rsaenh.dll
0x00007ffaaf6a0000 - 0x00007ffaaf6c7000 	C:\Windows\System32\bcrypt.dll
0x00007ffaaee20000 - 0x00007ffaaee4e000 	C:\Windows\SYSTEM32\USERENV.dll
0x00007ffaae8e0000 - 0x00007ffaae8ec000 	C:\Windows\SYSTEM32\CRYPTBASE.dll
0x00007ffaae340000 - 0x00007ffaae37b000 	C:\Windows\SYSTEM32\IPHLPAPI.DLL
0x00007ffab00c0000 - 0x00007ffab00c8000 	C:\Windows\System32\NSI.dll
0x00007ffaa7720000 - 0x00007ffaa7737000 	C:\Windows\SYSTEM32\dhcpcsvc6.DLL
0x00007ffaa7f60000 - 0x00007ffaa7f7d000 	C:\Windows\SYSTEM32\dhcpcsvc.DLL
0x00007ffaae390000 - 0x00007ffaae45a000 	C:\Windows\SYSTEM32\DNSAPI.dll
0x00007ffaa1be0000 - 0x00007ffaa1bea000 	C:\Windows\System32\rasadhlp.dll
0x00007ffaa2fe0000 - 0x00007ffaa3060000 	C:\Windows\System32\fwpuclnt.dll
0x00007ffaa7910000 - 0x00007ffaa7917000 	C:\Windows\system32\wshunix.dll

dbghelp: loaded successfully - version: 4.0.5 - missing functions: none
symbol engine: initialized successfully - sym options: 0x614 - pdb path: .;E:\jdk17\bin;C:\Windows\SYSTEM32;C:\Windows\WinSxS\amd64_microsoft.windows.common-controls_6595b64144ccf1df_6.0.19041.3636_none_60b6a03d71f818d5;E:\jdk17\bin\server;E:\IntelliJ IDEA Community Edition 2024.3\bin

VM Arguments:
jvm_args: -javaagent:E:\IntelliJ IDEA Community Edition 2024.3\lib\idea_rt.jar=52061:E:\IntelliJ IDEA Community Edition 2024.3\bin -Dfile.encoding=UTF-8 
java_command: com.nguyenminh.microservices.zwallet.ZwalletApplication
java_class_path (initial): C:\Users\lop12\Downloads\zwallet-master\zwallet-master\target\classes;C:\Users\lop12\.m2\repository\com\cloudinary\cloudinary-http44\1.33.0\cloudinary-http44-1.33.0.jar;C:\Users\lop12\.m2\repository\com\cloudinary\cloudinary-core\1.33.0\cloudinary-core-1.33.0.jar;C:\Users\lop12\.m2\repository\org\apache\commons\commons-lang3\3.14.0\commons-lang3-3.14.0.jar;C:\Users\lop12\.m2\repository\org\apache\httpcomponents\httpclient\4.4\httpclient-4.4.jar;C:\Users\lop12\.m2\repository\org\apache\httpcomponents\httpcore\4.4.16\httpcore-4.4.16.jar;C:\Users\lop12\.m2\repository\commons-logging\commons-logging\1.2\commons-logging-1.2.jar;C:\Users\lop12\.m2\repository\commons-codec\commons-codec\1.16.1\commons-codec-1.16.1.jar;C:\Users\lop12\.m2\repository\org\apache\httpcomponents\httpmime\4.4\httpmime-4.4.jar;C:\Users\lop12\.m2\repository\com\fasterxml\jackson\datatype\jackson-datatype-jdk8\2.17.1\jackson-datatype-jdk8-2.17.1.jar;C:\Users\lop12\.m2\repository\com\fasterxml\jackson\core\jackson-core\2.17.1\jackson-core-2.17.1.jar;C:\Users\lop12\.m2\repository\com\fasterxml\jackson\core\jackson-databind\2.17.1\jackson-databind-2.17.1.jar;C:\Users\lop12\.m2\repository\org\springframework\boot\spring-boot-starter-data-mongodb\3.3.1\spring-boot-starter-data-mongodb-3.3.1.jar;C:\Users\lop12\.m2\repository\org\springframework\boot\spring-boot-starter\3.3.1\spring-boot-starter-3.3.1.jar;C:\Users\lop12\.m2\repository\org\springframework\boot\spring-boot-starter-logging\3.3.1\spring-boot-starter-logging-3.3.1.jar;C:\Users\lop12\.m2\repository\ch\qos\logback\logback-classic\1.5.6\logback-classic-1.5.6.jar;C:\Users\lop12\.m2\repository\ch\qos\logback\logback-core\1.5.6\logback-core-1.5.6.jar;C:\Users\lop12\.m2\repository\org\apache\logging\log4j\log4j-to-slf4j\2.23.1\log4j-to-slf4j-2.23.1.jar;C:\Users\lop12\.m2\repository\org\apache\logging\log4j\log4j-api\2.23.1\log4j-api-2.23.1.jar;C:\Users\lop12\.m2\repository\org\slf4j\jul-to-slf4j\2.0.13\jul-to-slf4j-2.0.13.
Launcher Type: SUN_STANDARD

[Global flags]
     intx CICompilerCount                          = 4                                         {product} {ergonomic}
     uint ConcGCThreads                            = 2                                         {product} {ergonomic}
     uint G1ConcRefinementThreads                  = 8                                         {product} {ergonomic}
   size_t G1HeapRegionSize                         = 2097152                                   {product} {ergonomic}
    uintx GCDrainStackTargetSize                   = 64                                        {product} {ergonomic}
   size_t InitialHeapSize                          = 266338304                                 {product} {ergonomic}
   size_t MarkStackSize                            = 4194304                                   {product} {ergonomic}
   size_t MaxHeapSize                              = 4261412864                                {product} {ergonomic}
   size_t MaxNewSize                               = 2556428288                                {product} {ergonomic}
   size_t MinHeapDeltaBytes                        = 2097152                                   {product} {ergonomic}
   size_t MinHeapSize                              = 8388608                                   {product} {ergonomic}
    uintx NonNMethodCodeHeapSize                   = 5839372                                {pd product} {ergonomic}
    uintx NonProfiledCodeHeapSize                  = 122909434                              {pd product} {ergonomic}
    uintx ProfiledCodeHeapSize                     = 122909434                              {pd product} {ergonomic}
    uintx ReservedCodeCacheSize                    = 251658240                              {pd product} {ergonomic}
     bool SegmentedCodeCache                       = true                                      {product} {ergonomic}
   size_t SoftMaxHeapSize                          = 4261412864                             {manageable} {ergonomic}
     bool UseCompressedClassPointers               = true                           {product lp64_product} {ergonomic}
     bool UseCompressedOops                        = true                           {product lp64_product} {ergonomic}
     bool UseG1GC                                  = true                                      {product} {ergonomic}
     bool UseLargePagesIndividualAllocation        = false                                  {pd product} {ergonomic}

Logging:
Log output configuration:
 #0: stdout all=warning uptime,level,tags
 #1: stderr all=off uptime,level,tags

Environment Variables:
PATH=C:\Program Files\Common Files\Oracle\Java\javapath;C:\Python312\Scripts\;C:\Python312\;C:\Windows\system32;C:\Windows;C:\Windows\System32\Wbem;C:\Windows\System32\WindowsPowerShell\v1.0\;C:\Windows\System32\OpenSSH\;E:\Nodejs\;C:\ProgramData\chocolatey\bin;E:\jdk17\bin;E:\Git\cmd;C:\Program Files\Docker\Docker\resources\bin;C:\Program Files\MySQL\MySQL Shell 8.0\bin\;C:\Users\lop12\AppData\Local\Microsoft\WindowsApps;;E:\IntelliJ IDEA Community Edition 2024.3\bin;;E:\Microsoft VS Code\bin;C:\Users\lop12\AppData\Roaming\npm
USERNAME=lop12
OS=Windows_NT
PROCESSOR_IDENTIFIER=Intel64 Family 6 Model 165 Stepping 2, GenuineIntel



---------------  S Y S T E M  ---------------

OS:
 Windows 10 , 64 bit Build 19041 (10.0.19041.3636)
OS uptime: 0 days 5:35 hours
Hyper-V role detected

CPU: total 8 (initial active 8) (4 cores per cpu, 2 threads per core) family 6 model 165 stepping 2 microcode 0xf0, cx8, cmov, fxsr, ht, mmx, 3dnowpref, sse, sse2, sse3, ssse3, sse4.1, sse4.2, popcnt, lzcnt, tsc, tscinvbit, avx, avx2, aes, erms, clmul, bmi1, bmi2, adx, fma, vzeroupper, clflush, clflushopt, hv

Memory: 4k page, system-wide physical 16251M (4734M free)
TotalPageFile size 16251M (AvailPageFile size 5M)
current process WorkingSet (physical memory assigned to process): 247M, peak: 281M
current process commit charge ("private bytes"): 286M, peak: 412M

vm_info: Java HotSpot(TM) 64-Bit Server VM (17.0.12+8-LTS-286) for windows-amd64 JRE (17.0.12+8-LTS-286), built on Jun  5 2024 06:46:59 by "mach5one" with MS VC++ 17.6 (VS2022)

END.
