#
# There is insufficient memory for the Java Runtime Environment to continue.
# Native memory allocation (malloc) failed to allocate 981744 bytes for Chunk::new
# Possible reasons:
#   The system is out of physical RAM or swap space
#   The process is running with CompressedOops enabled, and the Java Heap may be blocking the growth of the native heap
# Possible solutions:
#   Reduce memory load on the system
#   Increase physical memory or swap space
#   Check if swap backing store is full
#   Decrease Java heap size (-Xmx/-Xms)
#   Decrease number of Java threads
#   Decrease Java thread stack sizes (-Xss)
#   Set larger code cache with -XX:ReservedCodeCacheSize=
#   JVM is running with Zero Based Compressed Oops mode in which the Java heap is
#     placed in the first 32GB address space. The Java Heap base address is the
#     maximum limit for the native heap growth. Please use -XX:HeapBaseMinAddress
#     to set the Java Heap base and to place the Java Heap above 32GB virtual address.
# This output file may be truncated or incomplete.
#
#  Out of Memory Error (arena.cpp:189), pid=4604, tid=8128
#
# JRE version: Java(TM) SE Runtime Environment (17.0.12+8) (build 17.0.12+8-LTS-286)
# Java VM: Java HotSpot(TM) 64-Bit Server VM (17.0.12+8-LTS-286, mixed mode, sharing, tiered, compressed oops, compressed class ptrs, g1 gc, windows-amd64)
# No core dump will be written. Minidumps are not enabled by default on client versions of Windows
#

---------------  S U M M A R Y ------------

Command Line: -javaagent:E:\IntelliJ IDEA Community Edition 2024.3\lib\idea_rt.jar=64097:E:\IntelliJ IDEA Community Edition 2024.3\bin -Dfile.encoding=UTF-8 com.nguyenminh.microservices.zwallet.ZwalletApplication

Host: Intel(R) Core(TM) i5-10300H CPU @ 2.50GHz, 8 cores, 15G,  Windows 10 , 64 bit Build 19041 (10.0.19041.3636)
Time: Tue Nov 19 11:29:31 2024 SE Asia Standard Time elapsed time: 7.453376 seconds (0d 0h 0m 7s)

---------------  T H R E A D  ---------------

Current thread (0x000001d3d62cafe0):  JavaThread "C2 CompilerThread0" daemon [_thread_in_native, id=8128, stack(0x000000327f500000,0x000000327f600000)]


Current CompileTask:
C2:   7453 2492       4       org.springframework.boot.autoconfigure.AutoConfigurationSorter$AutoConfigurationClasses$$Lambda$385/0x000001d3d823f850::accept (20 bytes)

Stack: [0x000000327f500000,0x000000327f600000]
Native frames: (J=compiled Java code, j=interpreted, Vv=VM code, C=native code)
V  [jvm.dll+0x67a04a]
V  [jvm.dll+0x7da4ed]
V  [jvm.dll+0x7dbe33]
V  [jvm.dll+0x7dc4a3]
V  [jvm.dll+0x24508f]
V  [jvm.dll+0xab773]
V  [jvm.dll+0xabd3c]
V  [jvm.dll+0x361bee]
V  [jvm.dll+0x32c431]
V  [jvm.dll+0x32b8ca]
V  [jvm.dll+0x21683f]
V  [jvm.dll+0x215c6f]
V  [jvm.dll+0x1a2960]
V  [jvm.dll+0x22610b]
V  [jvm.dll+0x2242ab]
V  [jvm.dll+0x79075c]
V  [jvm.dll+0x78abea]
V  [jvm.dll+0x678f35]
C  [ucrtbase.dll+0x21bb2]
C  [KERNEL32.DLL+0x17344]
C  [ntdll.dll+0x526b1]


---------------  P R O C E S S  ---------------

Threads class SMR info:
_java_thread_list=0x000001d41cc18170, length=17, elements={
0x000001d3b359c7b0, 0x000001d3d62b42f0, 0x000001d3d62b5080, 0x000001d3d62c5350,
0x000001d3d62c5e20, 0x000001d3d62c8700, 0x000001d3d62c8fd0, 0x000001d3d62cafe0,
0x000001d3d63e8090, 0x000001d3d63e89a0, 0x000001d3d629df70, 0x000001d3d69b10c0,
0x000001d3d69b15a0, 0x000001d3d6689da0, 0x000001d41cac9470, 0x000001d41c77c5f0,
0x000001d3d6689850
}

Java Threads: ( => current thread )
  0x000001d3b359c7b0 JavaThread "main" [_thread_blocked, id=3984, stack(0x000000327e800000,0x000000327e900000)]
  0x000001d3d62b42f0 JavaThread "Reference Handler" daemon [_thread_blocked, id=17004, stack(0x000000327ef00000,0x000000327f000000)]
  0x000001d3d62b5080 JavaThread "Finalizer" daemon [_thread_blocked, id=7416, stack(0x000000327f000000,0x000000327f100000)]
  0x000001d3d62c5350 JavaThread "Signal Dispatcher" daemon [_thread_blocked, id=4380, stack(0x000000327f100000,0x000000327f200000)]
  0x000001d3d62c5e20 JavaThread "Attach Listener" daemon [_thread_blocked, id=9988, stack(0x000000327f200000,0x000000327f300000)]
  0x000001d3d62c8700 JavaThread "Service Thread" daemon [_thread_blocked, id=8224, stack(0x000000327f300000,0x000000327f400000)]
  0x000001d3d62c8fd0 JavaThread "Monitor Deflation Thread" daemon [_thread_blocked, id=1452, stack(0x000000327f400000,0x000000327f500000)]
=>0x000001d3d62cafe0 JavaThread "C2 CompilerThread0" daemon [_thread_in_native, id=8128, stack(0x000000327f500000,0x000000327f600000)]
  0x000001d3d63e8090 JavaThread "C1 CompilerThread0" daemon [_thread_in_native, id=10160, stack(0x000000327f600000,0x000000327f700000)]
  0x000001d3d63e89a0 JavaThread "Sweeper thread" daemon [_thread_blocked, id=15416, stack(0x000000327f700000,0x000000327f800000)]
  0x000001d3d629df70 JavaThread "Common-Cleaner" daemon [_thread_blocked, id=4312, stack(0x000000327f800000,0x000000327f900000)]
  0x000001d3d69b10c0 JavaThread "Monitor Ctrl-Break" daemon [_thread_in_native, id=17000, stack(0x000000327f900000,0x000000327fa00000)]
  0x000001d3d69b15a0 JavaThread "Notification Thread" daemon [_thread_blocked, id=2288, stack(0x000000327fa00000,0x000000327fb00000)]
  0x000001d3d6689da0 JavaThread "C2 CompilerThread1" daemon [_thread_in_native, id=9416, stack(0x000000327fc00000,0x000000327fd00000)]
  0x000001d41cac9470 JavaThread "Thread-0" [_thread_blocked, id=16828, stack(0x000000327fe00000,0x000000327ff00000)]
  0x000001d41c77c5f0 JavaThread "restartedMain" [_thread_in_Java, id=5768, stack(0x000000327ff00000,0x0000003280000000)]
  0x000001d3d6689850 JavaThread "C2 CompilerThread2" daemon [_thread_in_native, id=10564, stack(0x0000003200800000,0x0000003200900000)]

Other Threads:
  0x000001d3d62ae7d0 VMThread "VM Thread" [stack: 0x000000327ee00000,0x000000327ef00000] [id=6036]
  0x000001d3b361fc70 WatcherThread [stack: 0x000000327fb00000,0x000000327fc00000] [id=10568]
  0x000001d3b3606250 GCTaskThread "GC Thread#0" [stack: 0x000000327e900000,0x000000327ea00000] [id=15520]
  0x000001d41c787f40 GCTaskThread "GC Thread#1" [stack: 0x0000003200000000,0x0000003200100000] [id=9804]
  0x000001d41cc71bf0 GCTaskThread "GC Thread#2" [stack: 0x0000003200100000,0x0000003200200000] [id=6700]
  0x000001d41cc71eb0 GCTaskThread "GC Thread#3" [stack: 0x0000003200200000,0x0000003200300000] [id=12180]
  0x000001d41cc72170 GCTaskThread "GC Thread#4" [stack: 0x0000003200300000,0x0000003200400000] [id=12740]
  0x000001d41cc728b0 GCTaskThread "GC Thread#5" [stack: 0x0000003200400000,0x0000003200500000] [id=11280]
  0x000001d41c81ed70 GCTaskThread "GC Thread#6" [stack: 0x0000003200600000,0x0000003200700000] [id=776]
  0x000001d41c9d85b0 GCTaskThread "GC Thread#7" [stack: 0x0000003200700000,0x0000003200800000] [id=13120]
  0x000001d3b3618ed0 ConcurrentGCThread "G1 Main Marker" [stack: 0x000000327ea00000,0x000000327eb00000] [id=14320]
  0x000001d3b3619f90 ConcurrentGCThread "G1 Conc#0" [stack: 0x000000327eb00000,0x000000327ec00000] [id=16092]
  0x000001d3d61664f0 ConcurrentGCThread "G1 Refine#0" [stack: 0x000000327ec00000,0x000000327ed00000] [id=13216]
  0x000001d3d6166e30 ConcurrentGCThread "G1 Service" [stack: 0x000000327ed00000,0x000000327ee00000] [id=1628]

Threads with active compile tasks:
C2 CompilerThread0     7485 2492       4       org.springframework.boot.autoconfigure.AutoConfigurationSorter$AutoConfigurationClasses$$Lambda$385/0x000001d3d823f850::accept (20 bytes)
C2 CompilerThread1     7485 2518       4       jdk.internal.org.objectweb.asm.SymbolTable::addConstantClass (8 bytes)
C2 CompilerThread2     7485 2560       4       jdk.internal.jimage.BasicImageReader::verifyLocation (39 bytes)

VM state: not at safepoint (normal execution)

VM Mutex/Monitor currently owned by a thread: None

Heap address: 0x0000000702000000, size: 4064 MB, Compressed Oops mode: Zero based, Oop shift amount: 3

CDS archive(s) mapped at: [0x000001d3d7000000-0x000001d3d7bd0000-0x000001d3d7bd0000), size 12386304, SharedBaseAddress: 0x000001d3d7000000, ArchiveRelocationMode: 1.
Compressed class space mapped at: 0x000001d3d8000000-0x000001d418000000, reserved size: 1073741824
Narrow klass base: 0x000001d3d7000000, Narrow klass shift: 0, Narrow klass range: 0x100000000

GC Precious Log:
 CPUs: 8 total, 8 available
 Memory: 16251M
 Large Page Support: Disabled
 NUMA Support: Disabled
 Compressed Oops: Enabled (Zero based)
 Heap Region Size: 2M
 Heap Min Capacity: 8M
 Heap Initial Capacity: 254M
 Heap Max Capacity: 4064M
 Pre-touch: Disabled
 Parallel Workers: 8
 Concurrent Workers: 2
 Concurrent Refinement Workers: 8
 Periodic GC: Disabled

Heap:
 garbage-first heap   total 260096K, used 45235K [0x0000000702000000, 0x0000000800000000)
  region size 2048K, 22 young (45056K), 2 survivors (4096K)
 Metaspace       used 18532K, committed 18752K, reserved 1114112K
  class space    used 2273K, committed 2368K, reserved 1048576K

Heap Regions: E=young(eden), S=young(survivor), O=old, HS=humongous(starts), HC=humongous(continues), CS=collection set, F=free, OA=open archive, CA=closed archive, TAMS=top-at-mark-start (previous, next)
|   0|0x0000000702000000, 0x0000000702200000, 0x0000000702200000|100%| O|  |TAMS 0x0000000702000000, 0x0000000702000000| Untracked 
|   1|0x0000000702200000, 0x0000000702400000, 0x0000000702400000|100%| O|  |TAMS 0x0000000702200000, 0x0000000702200000| Untracked 
|   2|0x0000000702400000, 0x0000000702581400, 0x0000000702600000| 75%| O|  |TAMS 0x0000000702400000, 0x0000000702400000| Untracked 
|   3|0x0000000702600000, 0x0000000702600000, 0x0000000702800000|  0%| F|  |TAMS 0x0000000702600000, 0x0000000702600000| Untracked 
|   4|0x0000000702800000, 0x0000000702800000, 0x0000000702a00000|  0%| F|  |TAMS 0x0000000702800000, 0x0000000702800000| Untracked 
|   5|0x0000000702a00000, 0x0000000702a00000, 0x0000000702c00000|  0%| F|  |TAMS 0x0000000702a00000, 0x0000000702a00000| Untracked 
|   6|0x0000000702c00000, 0x0000000702c00000, 0x0000000702e00000|  0%| F|  |TAMS 0x0000000702c00000, 0x0000000702c00000| Untracked 
|   7|0x0000000702e00000, 0x0000000702e00000, 0x0000000703000000|  0%| F|  |TAMS 0x0000000702e00000, 0x0000000702e00000| Untracked 
|   8|0x0000000703000000, 0x0000000703000000, 0x0000000703200000|  0%| F|  |TAMS 0x0000000703000000, 0x0000000703000000| Untracked 
|   9|0x0000000703200000, 0x0000000703200000, 0x0000000703400000|  0%| F|  |TAMS 0x0000000703200000, 0x0000000703200000| Untracked 
|  10|0x0000000703400000, 0x0000000703400000, 0x0000000703600000|  0%| F|  |TAMS 0x0000000703400000, 0x0000000703400000| Untracked 
|  11|0x0000000703600000, 0x0000000703600000, 0x0000000703800000|  0%| F|  |TAMS 0x0000000703600000, 0x0000000703600000| Untracked 
|  12|0x0000000703800000, 0x0000000703800000, 0x0000000703a00000|  0%| F|  |TAMS 0x0000000703800000, 0x0000000703800000| Untracked 
|  13|0x0000000703a00000, 0x0000000703a00000, 0x0000000703c00000|  0%| F|  |TAMS 0x0000000703a00000, 0x0000000703a00000| Untracked 
|  14|0x0000000703c00000, 0x0000000703c00000, 0x0000000703e00000|  0%| F|  |TAMS 0x0000000703c00000, 0x0000000703c00000| Untracked 
|  15|0x0000000703e00000, 0x0000000703e00000, 0x0000000704000000|  0%| F|  |TAMS 0x0000000703e00000, 0x0000000703e00000| Untracked 
|  16|0x0000000704000000, 0x0000000704000000, 0x0000000704200000|  0%| F|  |TAMS 0x0000000704000000, 0x0000000704000000| Untracked 
|  17|0x0000000704200000, 0x0000000704200000, 0x0000000704400000|  0%| F|  |TAMS 0x0000000704200000, 0x0000000704200000| Untracked 
|  18|0x0000000704400000, 0x0000000704400000, 0x0000000704600000|  0%| F|  |TAMS 0x0000000704400000, 0x0000000704400000| Untracked 
|  19|0x0000000704600000, 0x0000000704600000, 0x0000000704800000|  0%| F|  |TAMS 0x0000000704600000, 0x0000000704600000| Untracked 
|  20|0x0000000704800000, 0x0000000704800000, 0x0000000704a00000|  0%| F|  |TAMS 0x0000000704800000, 0x0000000704800000| Untracked 
|  21|0x0000000704a00000, 0x0000000704a00000, 0x0000000704c00000|  0%| F|  |TAMS 0x0000000704a00000, 0x0000000704a00000| Untracked 
|  22|0x0000000704c00000, 0x0000000704c00000, 0x0000000704e00000|  0%| F|  |TAMS 0x0000000704c00000, 0x0000000704c00000| Untracked 
|  23|0x0000000704e00000, 0x0000000704e00000, 0x0000000705000000|  0%| F|  |TAMS 0x0000000704e00000, 0x0000000704e00000| Untracked 
|  24|0x0000000705000000, 0x0000000705000000, 0x0000000705200000|  0%| F|  |TAMS 0x0000000705000000, 0x0000000705000000| Untracked 
|  25|0x0000000705200000, 0x0000000705200000, 0x0000000705400000|  0%| F|  |TAMS 0x0000000705200000, 0x0000000705200000| Untracked 
|  26|0x0000000705400000, 0x0000000705400000, 0x0000000705600000|  0%| F|  |TAMS 0x0000000705400000, 0x0000000705400000| Untracked 
|  27|0x0000000705600000, 0x0000000705600000, 0x0000000705800000|  0%| F|  |TAMS 0x0000000705600000, 0x0000000705600000| Untracked 
|  28|0x0000000705800000, 0x0000000705800000, 0x0000000705a00000|  0%| F|  |TAMS 0x0000000705800000, 0x0000000705800000| Untracked 
|  29|0x0000000705a00000, 0x0000000705a00000, 0x0000000705c00000|  0%| F|  |TAMS 0x0000000705a00000, 0x0000000705a00000| Untracked 
|  30|0x0000000705c00000, 0x0000000705c00000, 0x0000000705e00000|  0%| F|  |TAMS 0x0000000705c00000, 0x0000000705c00000| Untracked 
|  31|0x0000000705e00000, 0x0000000705e00000, 0x0000000706000000|  0%| F|  |TAMS 0x0000000705e00000, 0x0000000705e00000| Untracked 
|  32|0x0000000706000000, 0x0000000706000000, 0x0000000706200000|  0%| F|  |TAMS 0x0000000706000000, 0x0000000706000000| Untracked 
|  33|0x0000000706200000, 0x0000000706200000, 0x0000000706400000|  0%| F|  |TAMS 0x0000000706200000, 0x0000000706200000| Untracked 
|  34|0x0000000706400000, 0x0000000706400000, 0x0000000706600000|  0%| F|  |TAMS 0x0000000706400000, 0x0000000706400000| Untracked 
|  35|0x0000000706600000, 0x0000000706600000, 0x0000000706800000|  0%| F|  |TAMS 0x0000000706600000, 0x0000000706600000| Untracked 
|  36|0x0000000706800000, 0x0000000706800000, 0x0000000706a00000|  0%| F|  |TAMS 0x0000000706800000, 0x0000000706800000| Untracked 
|  37|0x0000000706a00000, 0x0000000706a00000, 0x0000000706c00000|  0%| F|  |TAMS 0x0000000706a00000, 0x0000000706a00000| Untracked 
|  38|0x0000000706c00000, 0x0000000706c00000, 0x0000000706e00000|  0%| F|  |TAMS 0x0000000706c00000, 0x0000000706c00000| Untracked 
|  39|0x0000000706e00000, 0x0000000706e00000, 0x0000000707000000|  0%| F|  |TAMS 0x0000000706e00000, 0x0000000706e00000| Untracked 
|  40|0x0000000707000000, 0x0000000707000000, 0x0000000707200000|  0%| F|  |TAMS 0x0000000707000000, 0x0000000707000000| Untracked 
|  41|0x0000000707200000, 0x0000000707200000, 0x0000000707400000|  0%| F|  |TAMS 0x0000000707200000, 0x0000000707200000| Untracked 
|  42|0x0000000707400000, 0x0000000707400000, 0x0000000707600000|  0%| F|  |TAMS 0x0000000707400000, 0x0000000707400000| Untracked 
|  43|0x0000000707600000, 0x0000000707600000, 0x0000000707800000|  0%| F|  |TAMS 0x0000000707600000, 0x0000000707600000| Untracked 
|  44|0x0000000707800000, 0x0000000707800000, 0x0000000707a00000|  0%| F|  |TAMS 0x0000000707800000, 0x0000000707800000| Untracked 
|  45|0x0000000707a00000, 0x0000000707a00000, 0x0000000707c00000|  0%| F|  |TAMS 0x0000000707a00000, 0x0000000707a00000| Untracked 
|  46|0x0000000707c00000, 0x0000000707c00000, 0x0000000707e00000|  0%| F|  |TAMS 0x0000000707c00000, 0x0000000707c00000| Untracked 
|  47|0x0000000707e00000, 0x0000000707e00000, 0x0000000708000000|  0%| F|  |TAMS 0x0000000707e00000, 0x0000000707e00000| Untracked 
|  48|0x0000000708000000, 0x0000000708000000, 0x0000000708200000|  0%| F|  |TAMS 0x0000000708000000, 0x0000000708000000| Untracked 
|  49|0x0000000708200000, 0x0000000708200000, 0x0000000708400000|  0%| F|  |TAMS 0x0000000708200000, 0x0000000708200000| Untracked 
|  50|0x0000000708400000, 0x0000000708400000, 0x0000000708600000|  0%| F|  |TAMS 0x0000000708400000, 0x0000000708400000| Untracked 
|  51|0x0000000708600000, 0x0000000708600000, 0x0000000708800000|  0%| F|  |TAMS 0x0000000708600000, 0x0000000708600000| Untracked 
|  52|0x0000000708800000, 0x0000000708800000, 0x0000000708a00000|  0%| F|  |TAMS 0x0000000708800000, 0x0000000708800000| Untracked 
|  53|0x0000000708a00000, 0x0000000708a00000, 0x0000000708c00000|  0%| F|  |TAMS 0x0000000708a00000, 0x0000000708a00000| Untracked 
|  54|0x0000000708c00000, 0x0000000708c00000, 0x0000000708e00000|  0%| F|  |TAMS 0x0000000708c00000, 0x0000000708c00000| Untracked 
|  55|0x0000000708e00000, 0x0000000708e00000, 0x0000000709000000|  0%| F|  |TAMS 0x0000000708e00000, 0x0000000708e00000| Untracked 
|  56|0x0000000709000000, 0x0000000709000000, 0x0000000709200000|  0%| F|  |TAMS 0x0000000709000000, 0x0000000709000000| Untracked 
|  57|0x0000000709200000, 0x0000000709200000, 0x0000000709400000|  0%| F|  |TAMS 0x0000000709200000, 0x0000000709200000| Untracked 
|  58|0x0000000709400000, 0x0000000709400000, 0x0000000709600000|  0%| F|  |TAMS 0x0000000709400000, 0x0000000709400000| Untracked 
|  59|0x0000000709600000, 0x0000000709600000, 0x0000000709800000|  0%| F|  |TAMS 0x0000000709600000, 0x0000000709600000| Untracked 
|  60|0x0000000709800000, 0x0000000709800000, 0x0000000709a00000|  0%| F|  |TAMS 0x0000000709800000, 0x0000000709800000| Untracked 
|  61|0x0000000709a00000, 0x0000000709a00000, 0x0000000709c00000|  0%| F|  |TAMS 0x0000000709a00000, 0x0000000709a00000| Untracked 
|  62|0x0000000709c00000, 0x0000000709c00000, 0x0000000709e00000|  0%| F|  |TAMS 0x0000000709c00000, 0x0000000709c00000| Untracked 
|  63|0x0000000709e00000, 0x0000000709e00000, 0x000000070a000000|  0%| F|  |TAMS 0x0000000709e00000, 0x0000000709e00000| Untracked 
|  64|0x000000070a000000, 0x000000070a000000, 0x000000070a200000|  0%| F|  |TAMS 0x000000070a000000, 0x000000070a000000| Untracked 
|  65|0x000000070a200000, 0x000000070a200000, 0x000000070a400000|  0%| F|  |TAMS 0x000000070a200000, 0x000000070a200000| Untracked 
|  66|0x000000070a400000, 0x000000070a400000, 0x000000070a600000|  0%| F|  |TAMS 0x000000070a400000, 0x000000070a400000| Untracked 
|  67|0x000000070a600000, 0x000000070a600000, 0x000000070a800000|  0%| F|  |TAMS 0x000000070a600000, 0x000000070a600000| Untracked 
|  68|0x000000070a800000, 0x000000070a800000, 0x000000070aa00000|  0%| F|  |TAMS 0x000000070a800000, 0x000000070a800000| Untracked 
|  69|0x000000070aa00000, 0x000000070aa00000, 0x000000070ac00000|  0%| F|  |TAMS 0x000000070aa00000, 0x000000070aa00000| Untracked 
|  70|0x000000070ac00000, 0x000000070ac00000, 0x000000070ae00000|  0%| F|  |TAMS 0x000000070ac00000, 0x000000070ac00000| Untracked 
|  71|0x000000070ae00000, 0x000000070ae00000, 0x000000070b000000|  0%| F|  |TAMS 0x000000070ae00000, 0x000000070ae00000| Untracked 
|  72|0x000000070b000000, 0x000000070b000000, 0x000000070b200000|  0%| F|  |TAMS 0x000000070b000000, 0x000000070b000000| Untracked 
|  73|0x000000070b200000, 0x000000070b200000, 0x000000070b400000|  0%| F|  |TAMS 0x000000070b200000, 0x000000070b200000| Untracked 
|  74|0x000000070b400000, 0x000000070b400000, 0x000000070b600000|  0%| F|  |TAMS 0x000000070b400000, 0x000000070b400000| Untracked 
|  75|0x000000070b600000, 0x000000070b600000, 0x000000070b800000|  0%| F|  |TAMS 0x000000070b600000, 0x000000070b600000| Untracked 
|  76|0x000000070b800000, 0x000000070b800000, 0x000000070ba00000|  0%| F|  |TAMS 0x000000070b800000, 0x000000070b800000| Untracked 
|  77|0x000000070ba00000, 0x000000070ba00000, 0x000000070bc00000|  0%| F|  |TAMS 0x000000070ba00000, 0x000000070ba00000| Untracked 
|  78|0x000000070bc00000, 0x000000070bc00000, 0x000000070be00000|  0%| F|  |TAMS 0x000000070bc00000, 0x000000070bc00000| Untracked 
|  79|0x000000070be00000, 0x000000070be00000, 0x000000070c000000|  0%| F|  |TAMS 0x000000070be00000, 0x000000070be00000| Untracked 
|  80|0x000000070c000000, 0x000000070c000000, 0x000000070c200000|  0%| F|  |TAMS 0x000000070c000000, 0x000000070c000000| Untracked 
|  81|0x000000070c200000, 0x000000070c200000, 0x000000070c400000|  0%| F|  |TAMS 0x000000070c200000, 0x000000070c200000| Untracked 
|  82|0x000000070c400000, 0x000000070c400000, 0x000000070c600000|  0%| F|  |TAMS 0x000000070c400000, 0x000000070c400000| Untracked 
|  83|0x000000070c600000, 0x000000070c600000, 0x000000070c800000|  0%| F|  |TAMS 0x000000070c600000, 0x000000070c600000| Untracked 
|  84|0x000000070c800000, 0x000000070c800000, 0x000000070ca00000|  0%| F|  |TAMS 0x000000070c800000, 0x000000070c800000| Untracked 
|  85|0x000000070ca00000, 0x000000070ca00000, 0x000000070cc00000|  0%| F|  |TAMS 0x000000070ca00000, 0x000000070ca00000| Untracked 
|  86|0x000000070cc00000, 0x000000070cc00000, 0x000000070ce00000|  0%| F|  |TAMS 0x000000070cc00000, 0x000000070cc00000| Untracked 
|  87|0x000000070ce00000, 0x000000070ce00000, 0x000000070d000000|  0%| F|  |TAMS 0x000000070ce00000, 0x000000070ce00000| Untracked 
|  88|0x000000070d000000, 0x000000070d000000, 0x000000070d200000|  0%| F|  |TAMS 0x000000070d000000, 0x000000070d000000| Untracked 
|  89|0x000000070d200000, 0x000000070d200000, 0x000000070d400000|  0%| F|  |TAMS 0x000000070d200000, 0x000000070d200000| Untracked 
|  90|0x000000070d400000, 0x000000070d400000, 0x000000070d600000|  0%| F|  |TAMS 0x000000070d400000, 0x000000070d400000| Untracked 
|  91|0x000000070d600000, 0x000000070d600000, 0x000000070d800000|  0%| F|  |TAMS 0x000000070d600000, 0x000000070d600000| Untracked 
|  92|0x000000070d800000, 0x000000070d800000, 0x000000070da00000|  0%| F|  |TAMS 0x000000070d800000, 0x000000070d800000| Untracked 
|  93|0x000000070da00000, 0x000000070da00000, 0x000000070dc00000|  0%| F|  |TAMS 0x000000070da00000, 0x000000070da00000| Untracked 
|  94|0x000000070dc00000, 0x000000070dc00000, 0x000000070de00000|  0%| F|  |TAMS 0x000000070dc00000, 0x000000070dc00000| Untracked 
|  95|0x000000070de00000, 0x000000070de00000, 0x000000070e000000|  0%| F|  |TAMS 0x000000070de00000, 0x000000070de00000| Untracked 
|  96|0x000000070e000000, 0x000000070e000000, 0x000000070e200000|  0%| F|  |TAMS 0x000000070e000000, 0x000000070e000000| Untracked 
|  97|0x000000070e200000, 0x000000070e200000, 0x000000070e400000|  0%| F|  |TAMS 0x000000070e200000, 0x000000070e200000| Untracked 
|  98|0x000000070e400000, 0x000000070e400000, 0x000000070e600000|  0%| F|  |TAMS 0x000000070e400000, 0x000000070e400000| Untracked 
|  99|0x000000070e600000, 0x000000070e600000, 0x000000070e800000|  0%| F|  |TAMS 0x000000070e600000, 0x000000070e600000| Untracked 
| 100|0x000000070e800000, 0x000000070e800000, 0x000000070ea00000|  0%| F|  |TAMS 0x000000070e800000, 0x000000070e800000| Untracked 
| 101|0x000000070ea00000, 0x000000070ea00000, 0x000000070ec00000|  0%| F|  |TAMS 0x000000070ea00000, 0x000000070ea00000| Untracked 
| 102|0x000000070ec00000, 0x000000070ec00000, 0x000000070ee00000|  0%| F|  |TAMS 0x000000070ec00000, 0x000000070ec00000| Untracked 
| 103|0x000000070ee00000, 0x000000070ee00000, 0x000000070f000000|  0%| F|  |TAMS 0x000000070ee00000, 0x000000070ee00000| Untracked 
| 104|0x000000070f000000, 0x000000070f000000, 0x000000070f200000|  0%| F|  |TAMS 0x000000070f000000, 0x000000070f000000| Untracked 
| 105|0x000000070f200000, 0x000000070f300800, 0x000000070f400000| 50%| E|  |TAMS 0x000000070f200000, 0x000000070f200000| Complete 
| 106|0x000000070f400000, 0x000000070f600000, 0x000000070f600000|100%| E|CS|TAMS 0x000000070f400000, 0x000000070f400000| Complete 
| 107|0x000000070f600000, 0x000000070f800000, 0x000000070f800000|100%| E|CS|TAMS 0x000000070f600000, 0x000000070f600000| Complete 
| 108|0x000000070f800000, 0x000000070fa00000, 0x000000070fa00000|100%| E|CS|TAMS 0x000000070f800000, 0x000000070f800000| Complete 
| 109|0x000000070fa00000, 0x000000070faab800, 0x000000070fc00000| 33%| S|CS|TAMS 0x000000070fa00000, 0x000000070fa00000| Complete 
| 110|0x000000070fc00000, 0x000000070fe00000, 0x000000070fe00000|100%| S|CS|TAMS 0x000000070fc00000, 0x000000070fc00000| Complete 
| 111|0x000000070fe00000, 0x0000000710000000, 0x0000000710000000|100%| E|  |TAMS 0x000000070fe00000, 0x000000070fe00000| Complete 
| 112|0x0000000710000000, 0x0000000710200000, 0x0000000710200000|100%| E|CS|TAMS 0x0000000710000000, 0x0000000710000000| Complete 
| 113|0x0000000710200000, 0x0000000710400000, 0x0000000710400000|100%| E|CS|TAMS 0x0000000710200000, 0x0000000710200000| Complete 
| 114|0x0000000710400000, 0x0000000710600000, 0x0000000710600000|100%| E|CS|TAMS 0x0000000710400000, 0x0000000710400000| Complete 
| 115|0x0000000710600000, 0x0000000710800000, 0x0000000710800000|100%| E|CS|TAMS 0x0000000710600000, 0x0000000710600000| Complete 
| 116|0x0000000710800000, 0x0000000710a00000, 0x0000000710a00000|100%| E|CS|TAMS 0x0000000710800000, 0x0000000710800000| Complete 
| 117|0x0000000710a00000, 0x0000000710c00000, 0x0000000710c00000|100%| E|CS|TAMS 0x0000000710a00000, 0x0000000710a00000| Complete 
| 118|0x0000000710c00000, 0x0000000710e00000, 0x0000000710e00000|100%| E|CS|TAMS 0x0000000710c00000, 0x0000000710c00000| Complete 
| 119|0x0000000710e00000, 0x0000000711000000, 0x0000000711000000|100%| E|CS|TAMS 0x0000000710e00000, 0x0000000710e00000| Complete 
| 120|0x0000000711000000, 0x0000000711200000, 0x0000000711200000|100%| E|CS|TAMS 0x0000000711000000, 0x0000000711000000| Complete 
| 121|0x0000000711200000, 0x0000000711400000, 0x0000000711400000|100%| E|CS|TAMS 0x0000000711200000, 0x0000000711200000| Complete 
| 122|0x0000000711400000, 0x0000000711600000, 0x0000000711600000|100%| E|CS|TAMS 0x0000000711400000, 0x0000000711400000| Complete 
| 123|0x0000000711600000, 0x0000000711800000, 0x0000000711800000|100%| E|CS|TAMS 0x0000000711600000, 0x0000000711600000| Complete 
| 124|0x0000000711800000, 0x0000000711a00000, 0x0000000711a00000|100%| E|CS|TAMS 0x0000000711800000, 0x0000000711800000| Complete 
| 125|0x0000000711a00000, 0x0000000711c00000, 0x0000000711c00000|100%| E|CS|TAMS 0x0000000711a00000, 0x0000000711a00000| Complete 
| 126|0x0000000711c00000, 0x0000000711e00000, 0x0000000711e00000|100%| E|CS|TAMS 0x0000000711c00000, 0x0000000711c00000| Complete 

Card table byte_map: [0x000001d3ca980000,0x000001d3cb170000] _byte_map_base: 0x000001d3c7170000

Marking Bits (Prev, Next): (CMBitMap*) 0x000001d3b36087a0, (CMBitMap*) 0x000001d3b36087e0
 Prev Bits: [0x000001d3cb960000, 0x000001d3cf8e0000)
 Next Bits: [0x000001d3cf8e0000, 0x000001d3d3860000)

Polling page: 0x000001d3b2d70000

Metaspace:

Usage:
  Non-class:     15.89 MB used.
      Class:      2.22 MB used.
       Both:     18.11 MB used.

Virtual space:
  Non-class space:       64.00 MB reserved,      16.00 MB ( 25%) committed,  1 nodes.
      Class space:        1.00 GB reserved,       2.31 MB ( <1%) committed,  1 nodes.
             Both:        1.06 GB reserved,      18.31 MB (  2%) committed. 

Chunk freelists:
   Non-Class:  15.44 MB
       Class:  13.69 MB
        Both:  29.12 MB

MaxMetaspaceSize: unlimited
CompressedClassSpaceSize: 1.00 GB
Initial GC threshold: 21.00 MB
Current GC threshold: 21.00 MB
CDS: on
MetaspaceReclaimPolicy: balanced
 - commit_granule_bytes: 65536.
 - commit_granule_words: 8192.
 - virtual_space_node_default_size: 8388608.
 - enlarge_chunks_in_place: 1.
 - new_chunks_are_fully_committed: 0.
 - uncommit_free_chunks: 1.
 - use_allocation_guard: 0.
 - handle_deallocations: 1.


Internal statistics:

num_allocs_failed_limit: 0.
num_arena_births: 206.
num_arena_deaths: 0.
num_vsnodes_births: 2.
num_vsnodes_deaths: 0.
num_space_committed: 293.
num_space_uncommitted: 0.
num_chunks_returned_to_freelist: 0.
num_chunks_taken_from_freelist: 799.
num_chunk_merges: 0.
num_chunk_splits: 567.
num_chunks_enlarged: 458.
num_inconsistent_stats: 0.

CodeHeap 'non-profiled nmethods': size=120000Kb used=1231Kb max_used=1231Kb free=118768Kb
 bounds [0x000001d3c2930000, 0x000001d3c2ba0000, 0x000001d3c9e60000]
CodeHeap 'profiled nmethods': size=120000Kb used=5356Kb max_used=5356Kb free=114643Kb
 bounds [0x000001d3bae60000, 0x000001d3bb3a0000, 0x000001d3c2390000]
CodeHeap 'non-nmethods': size=5760Kb used=1231Kb max_used=1274Kb free=4528Kb
 bounds [0x000001d3c2390000, 0x000001d3c2600000, 0x000001d3c2930000]
 total_blobs=3130 nmethods=2629 adapters=411
 compilation: enabled
              stopped_count=0, restarted_count=0
 full_count=0

Compilation events (20 events):
Event: 7.441 Thread 0x000001d3d63e8090 2588       3       java.util.AbstractCollection::isEmpty (13 bytes)
Event: 7.442 Thread 0x000001d3d63e8090 nmethod 2588 0x000001d3bb37c090 code [0x000001d3bb37c240, 0x000001d3bb37c468]
Event: 7.442 Thread 0x000001d3d63e8090 2589       3       java.util.Collections::unmodifiableCollection (20 bytes)
Event: 7.442 Thread 0x000001d3d63e8090 nmethod 2589 0x000001d3bb37c510 code [0x000001d3bb37c6e0, 0x000001d3bb37cae8]
Event: 7.442 Thread 0x000001d3d63e8090 2590   !   3       org.springframework.util.ConcurrentReferenceHashMap$Segment::doTask (179 bytes)
Event: 7.444 Thread 0x000001d3d63e8090 nmethod 2590 0x000001d3bb37cc90 code [0x000001d3bb37d040, 0x000001d3bb37ea68]
Event: 7.444 Thread 0x000001d3d63e8090 2591       3       org.springframework.boot.devtools.restart.classloader.ClassLoaderFiles::getSourceDirectories (13 bytes)
Event: 7.445 Thread 0x000001d3d63e8090 nmethod 2591 0x000001d3bb37f710 code [0x000001d3bb37f900, 0x000001d3bb37fe58]
Event: 7.445 Thread 0x000001d3d63e8090 2592   !   3       org.springframework.boot.devtools.restart.ClassLoaderFilesResourcePatternResolver::isDeleted (157 bytes)
Event: 7.447 Thread 0x000001d3d63e8090 nmethod 2592 0x000001d3bb380010 code [0x000001d3bb3803c0, 0x000001d3bb381d18]
Event: 7.447 Thread 0x000001d3d63e8090 2593       3       java.lang.ClassLoader::getResource (41 bytes)
Event: 7.447 Thread 0x000001d3d63e8090 nmethod 2593 0x000001d3bb382710 code [0x000001d3bb382900, 0x000001d3bb382f18]
Event: 7.447 Thread 0x000001d3d63e8090 2594       3       java.util.RegularEnumSet$EnumSetIterator::next (5 bytes)
Event: 7.448 Thread 0x000001d3d63e8090 nmethod 2594 0x000001d3bb383110 code [0x000001d3bb3832c0, 0x000001d3bb383408]
Event: 7.448 Thread 0x000001d3d63e8090 2595       3       java.util.RegularEnumSet$EnumSetIterator::next (60 bytes)
Event: 7.448 Thread 0x000001d3d63e8090 nmethod 2595 0x000001d3bb383490 code [0x000001d3bb383660, 0x000001d3bb383918]
Event: 7.448 Thread 0x000001d3d63e8090 2596       1       org.springframework.core.annotation.AnnotationTypeMapping::getMetaTypes (5 bytes)
Event: 7.448 Thread 0x000001d3d63e8090 nmethod 2596 0x000001d3c2a5dc90 code [0x000001d3c2a5de20, 0x000001d3c2a5def8]
Event: 7.449 Thread 0x000001d3d63e8090 2597       3       org.springframework.boot.autoconfigure.condition.FilteringSpringBootCondition::filter (82 bytes)
Event: 7.449 Thread 0x000001d3d63e8090 nmethod 2597 0x000001d3bb383a90 code [0x000001d3bb383d20, 0x000001d3bb384b38]

GC Heap History (4 events):
Event: 5.635 GC heap before
{Heap before GC invocations=0 (full 0):
 garbage-first heap   total 260096K, used 20480K [0x0000000702000000, 0x0000000800000000)
  region size 2048K, 11 young (22528K), 0 survivors (0K)
 Metaspace       used 4928K, committed 5056K, reserved 1114112K
  class space    used 554K, committed 640K, reserved 1048576K
}
Event: 5.640 GC heap after
{Heap after GC invocations=1 (full 0):
 garbage-first heap   total 260096K, used 5607K [0x0000000702000000, 0x0000000800000000)
  region size 2048K, 2 young (4096K), 2 survivors (4096K)
 Metaspace       used 4928K, committed 5056K, reserved 1114112K
  class space    used 554K, committed 640K, reserved 1048576K
}
Event: 6.595 GC heap before
{Heap before GC invocations=1 (full 0):
 garbage-first heap   total 260096K, used 34279K [0x0000000702000000, 0x0000000800000000)
  region size 2048K, 16 young (32768K), 2 survivors (4096K)
 Metaspace       used 11881K, committed 12160K, reserved 1114112K
  class space    used 1437K, committed 1600K, reserved 1048576K
}
Event: 6.601 GC heap after
{Heap after GC invocations=2 (full 0):
 garbage-first heap   total 260096K, used 8371K [0x0000000702000000, 0x0000000800000000)
  region size 2048K, 2 young (4096K), 2 survivors (4096K)
 Metaspace       used 11881K, committed 12160K, reserved 1114112K
  class space    used 1437K, committed 1600K, reserved 1048576K
}

Deoptimization events (20 events):
Event: 7.343 Thread 0x000001d41c77c5f0 DEOPT PACKING pc=0x000001d3baf9b466 sp=0x000000327fffdbe0
Event: 7.343 Thread 0x000001d41c77c5f0 DEOPT UNPACKING pc=0x000001d3c23e2b43 sp=0x000000327fffd0a8 mode 0
Event: 7.343 Thread 0x000001d41c77c5f0 DEOPT PACKING pc=0x000001d3bafa64e5 sp=0x000000327fffdbb0
Event: 7.343 Thread 0x000001d41c77c5f0 DEOPT UNPACKING pc=0x000001d3c23e2b43 sp=0x000000327fffd0a0 mode 0
Event: 7.344 Thread 0x000001d41c77c5f0 DEOPT PACKING pc=0x000001d3baf9b466 sp=0x000000327fffdbe0
Event: 7.344 Thread 0x000001d41c77c5f0 DEOPT UNPACKING pc=0x000001d3c23e2b43 sp=0x000000327fffd0a8 mode 0
Event: 7.344 Thread 0x000001d41c77c5f0 DEOPT PACKING pc=0x000001d3bafa64e5 sp=0x000000327fffdbb0
Event: 7.344 Thread 0x000001d41c77c5f0 DEOPT UNPACKING pc=0x000001d3c23e2b43 sp=0x000000327fffd0a0 mode 0
Event: 7.344 Thread 0x000001d41c77c5f0 DEOPT PACKING pc=0x000001d3baf9b466 sp=0x000000327fffdbe0
Event: 7.344 Thread 0x000001d41c77c5f0 DEOPT UNPACKING pc=0x000001d3c23e2b43 sp=0x000000327fffd0a8 mode 0
Event: 7.344 Thread 0x000001d41c77c5f0 DEOPT PACKING pc=0x000001d3bafa64e5 sp=0x000000327fffdbb0
Event: 7.344 Thread 0x000001d41c77c5f0 DEOPT UNPACKING pc=0x000001d3c23e2b43 sp=0x000000327fffd0a0 mode 0
Event: 7.344 Thread 0x000001d41c77c5f0 DEOPT PACKING pc=0x000001d3baf9b466 sp=0x000000327fffdbe0
Event: 7.344 Thread 0x000001d41c77c5f0 DEOPT UNPACKING pc=0x000001d3c23e2b43 sp=0x000000327fffd0a8 mode 0
Event: 7.345 Thread 0x000001d41c77c5f0 DEOPT PACKING pc=0x000001d3bafa64e5 sp=0x000000327fffdbb0
Event: 7.345 Thread 0x000001d41c77c5f0 DEOPT UNPACKING pc=0x000001d3c23e2b43 sp=0x000000327fffd0a0 mode 0
Event: 7.366 Thread 0x000001d41c77c5f0 Uncommon trap: trap_request=0xffffff45 fr.pc=0x000001d3c2a50370 relative=0x0000000000000170
Event: 7.366 Thread 0x000001d41c77c5f0 Uncommon trap: reason=unstable_if action=reinterpret pc=0x000001d3c2a50370 method=java.lang.StringLatin1.compareTo([B[BII)I @ 14 c2
Event: 7.366 Thread 0x000001d41c77c5f0 DEOPT PACKING pc=0x000001d3c2a50370 sp=0x000000327fffcb60
Event: 7.366 Thread 0x000001d41c77c5f0 DEOPT UNPACKING pc=0x000001d3c23e23a3 sp=0x000000327fffcad8 mode 2

Classes unloaded (0 events):
No events

Classes redefined (0 events):
No events

Internal exceptions (20 events):
Event: 6.175 Thread 0x000001d41c77c5f0 Exception <a 'java/lang/NoSuchMethodError'{0x0000000711063878}: 'void java.lang.invoke.DirectMethodHandle$Holder.invokeStaticInit(java.lang.Object, java.lang.Object, java.lang.Object)'> (0x0000000711063878) 
thrown [s\open\src\hotspot\share\interpreter\linkResolver.cpp, line 759]
Event: 6.180 Thread 0x000001d41c77c5f0 Exception <a 'java/lang/NoSuchMethodError'{0x0000000711080d48}: 'java.lang.Object java.lang.invoke.DirectMethodHandle$Holder.invokeVirtual(java.lang.Object, java.lang.Object, java.lang.Object)'> (0x0000000711080d48) 
thrown [s\open\src\hotspot\share\interpreter\linkResolver.cpp, line 759]
Event: 6.186 Thread 0x000001d41c77c5f0 Exception <a 'java/lang/NoSuchMethodError'{0x00000007110a2c88}: 'java.lang.Object java.lang.invoke.DirectMethodHandle$Holder.invokeStatic(java.lang.Object, java.lang.Object, long, java.lang.Object)'> (0x00000007110a2c88) 
thrown [s\open\src\hotspot\share\interpreter\linkResolver.cpp, line 759]
Event: 6.186 Thread 0x000001d41c77c5f0 Exception <a 'java/lang/NoSuchMethodError'{0x00000007110a6720}: 'java.lang.Object java.lang.invoke.DirectMethodHandle$Holder.invokeStaticInit(java.lang.Object, java.lang.Object, long, java.lang.Object)'> (0x00000007110a6720) 
thrown [s\open\src\hotspot\share\interpreter\linkResolver.cpp, line 759]
Event: 6.187 Thread 0x000001d41c77c5f0 Exception <a 'java/lang/NoSuchMethodError'{0x00000007110ace28}: 'java.lang.Object java.lang.invoke.DirectMethodHandle$Holder.newInvokeSpecial(java.lang.Object, java.lang.Object, long)'> (0x00000007110ace28) 
thrown [s\open\src\hotspot\share\interpreter\linkResolver.cpp, line 759]
Event: 6.187 Thread 0x000001d41c77c5f0 Exception <a 'java/lang/NoSuchMethodError'{0x00000007110b0998}: 'java.lang.Object java.lang.invoke.Invokers$Holder.linkToTargetMethod(java.lang.Object, long, java.lang.Object)'> (0x00000007110b0998) 
thrown [s\open\src\hotspot\share\interpreter\linkResolver.cpp, line 759]
Event: 6.214 Thread 0x000001d41c77c5f0 Exception <a 'java/lang/NoSuchMethodError'{0x000000071110fc38}: 'void java.lang.invoke.DirectMethodHandle$Holder.invokeVirtual(java.lang.Object, java.lang.Object, java.lang.Object, java.lang.Object)'> (0x000000071110fc38) 
thrown [s\open\src\hotspot\share\interpreter\linkResolver.cpp, line 759]
Event: 6.280 Thread 0x000001d41c77c5f0 Exception <a 'java/lang/NoSuchMethodError'{0x0000000710e82088}: 'void java.lang.invoke.DirectMethodHandle$Holder.invokeSpecial(java.lang.Object, java.lang.Object, java.lang.Object)'> (0x0000000710e82088) 
thrown [s\open\src\hotspot\share\interpreter\linkResolver.cpp, line 759]
Event: 6.329 Thread 0x000001d41c77c5f0 Exception <a 'java/lang/IncompatibleClassChangeError'{0x0000000710f896c8}: Found class java.lang.Object, but interface was expected> (0x0000000710f896c8) 
thrown [s\open\src\hotspot\share\interpreter\linkResolver.cpp, line 826]
Event: 6.329 Thread 0x000001d41cbe4c80 Exception <a 'java/lang/NoClassDefFoundError'{0x0000000710fcf6b8}: jakarta/validation/Validation> (0x0000000710fcf6b8) 
thrown [s\open\src\hotspot\share\classfile\systemDictionary.cpp, line 245]
Event: 6.788 Thread 0x000001d41c77c5f0 Exception <a 'sun/nio/fs/WindowsException'{0x0000000711352ce0}> (0x0000000711352ce0) 
thrown [s\open\src\hotspot\share\prims\jni.cpp, line 516]
Event: 6.790 Thread 0x000001d41c77c5f0 Exception <a 'java/lang/NoSuchMethodError'{0x00000007113546d0}: 'int java.lang.invoke.DirectMethodHandle$Holder.invokeSpecial(java.lang.Object, java.lang.Object, java.lang.Object, java.lang.Object, java.lang.Object)'> (0x00000007113546d0) 
thrown [s\open\src\hotspot\share\interpreter\linkResolver.cpp, line 759]
Event: 6.793 Thread 0x000001d41c77c5f0 Exception <a 'java/lang/NoSuchMethodError'{0x000000071135d560}: 'void java.lang.invoke.DirectMethodHandle$Holder.invokeVirtual(java.lang.Object, java.lang.Object)'> (0x000000071135d560) 
thrown [s\open\src\hotspot\share\interpreter\linkResolver.cpp, line 759]
Event: 6.832 Thread 0x000001d41cbe4c80 Exception <a 'java/lang/NoSuchMethodError'{0x0000000710f19f70}: 'long java.lang.invoke.DirectMethodHandle$Holder.invokeSpecial(java.lang.Object, java.lang.Object)'> (0x0000000710f19f70) 
thrown [s\open\src\hotspot\share\interpreter\linkResolver.cpp, line 759]
Event: 6.834 Thread 0x000001d41cbe4c80 Exception <a 'java/lang/NoSuchMethodError'{0x0000000710f24b18}: 'long java.lang.invoke.DirectMethodHandle$Holder.invokeStatic(java.lang.Object, java.lang.Object)'> (0x0000000710f24b18) 
thrown [s\open\src\hotspot\share\interpreter\linkResolver.cpp, line 759]
Event: 6.834 Thread 0x000001d41cbe4c80 Exception <a 'java/lang/NoSuchMethodError'{0x0000000710f27e70}: 'long java.lang.invoke.DirectMethodHandle$Holder.invokeStaticInit(java.lang.Object, java.lang.Object)'> (0x0000000710f27e70) 
thrown [s\open\src\hotspot\share\interpreter\linkResolver.cpp, line 759]
Event: 6.838 Thread 0x000001d41cbe4c80 Exception <a 'java/lang/NoSuchMethodError'{0x0000000710f35770}: 'long java.lang.invoke.DirectMethodHandle$Holder.invokeInterface(java.lang.Object, java.lang.Object)'> (0x0000000710f35770) 
thrown [s\open\src\hotspot\share\interpreter\linkResolver.cpp, line 759]
Event: 6.838 Thread 0x000001d41cbe4c80 Exception <a 'java/lang/IncompatibleClassChangeError'{0x0000000710f38a58}: Found class java.lang.Object, but interface was expected> (0x0000000710f38a58) 
thrown [s\open\src\hotspot\share\interpreter\linkResolver.cpp, line 826]
Event: 6.846 Thread 0x000001d41cbe4c80 Exception <a 'java/lang/NoSuchMethodError'{0x0000000710f54018}: 'java.lang.Object java.lang.invoke.DirectMethodHandle$Holder.invokeVirtual(java.lang.Object, java.lang.Object, java.lang.Object, java.lang.Object)'> (0x0000000710f54018) 
thrown [s\open\src\hotspot\share\interpreter\linkResolver.cpp, line 759]
Event: 7.331 Thread 0x000001d41c77c5f0 Exception <a 'java/lang/IncompatibleClassChangeError'{0x000000070f9af570}: Found class java.lang.Object, but interface was expected> (0x000000070f9af570) 
thrown [s\open\src\hotspot\share\interpreter\linkResolver.cpp, line 826]

VM Operations (20 events):
Event: 6.195 Executing VM operation: ICBufferFull
Event: 6.195 Executing VM operation: ICBufferFull done
Event: 6.277 Executing VM operation: HandshakeAllThreads
Event: 6.277 Executing VM operation: HandshakeAllThreads done
Event: 6.277 Executing VM operation: HandshakeAllThreads
Event: 6.277 Executing VM operation: HandshakeAllThreads done
Event: 6.568 Executing VM operation: HandshakeAllThreads
Event: 6.568 Executing VM operation: HandshakeAllThreads done
Event: 6.594 Executing VM operation: G1CollectForAllocation
Event: 6.603 Executing VM operation: G1CollectForAllocation done
Event: 6.697 Executing VM operation: HandshakeAllThreads
Event: 6.697 Executing VM operation: HandshakeAllThreads done
Event: 6.758 Executing VM operation: HandshakeAllThreads
Event: 6.758 Executing VM operation: HandshakeAllThreads done
Event: 6.917 Executing VM operation: HandshakeAllThreads
Event: 6.917 Executing VM operation: HandshakeAllThreads done
Event: 6.947 Executing VM operation: HandshakeAllThreads
Event: 6.947 Executing VM operation: HandshakeAllThreads done
Event: 7.179 Executing VM operation: ICBufferFull
Event: 7.179 Executing VM operation: ICBufferFull done

Events (20 events):
Event: 6.967 loading class javax/security/auth/Subject done
Event: 6.967 loading class javax/security/auth/callback/CallbackHandler
Event: 6.967 loading class javax/security/auth/callback/CallbackHandler done
Event: 6.969 loading class sun/security/provider/certpath/ldap/JdkLDAP
Event: 6.969 loading class sun/security/provider/certpath/ldap/JdkLDAP done
Event: 6.969 loading class sun/security/provider/certpath/ldap/JdkLDAP$ProviderService
Event: 6.969 loading class sun/security/provider/certpath/ldap/JdkLDAP$ProviderService done
Event: 6.970 loading class com/sun/security/sasl/Provider
Event: 6.970 loading class com/sun/security/sasl/Provider done
Event: 6.970 loading class com/sun/security/sasl/Provider$1
Event: 6.970 loading class com/sun/security/sasl/Provider$1 done
Event: 6.970 loading class com/sun/security/sasl/Provider$ProviderService
Event: 6.970 loading class com/sun/security/sasl/Provider$ProviderService done
Event: 6.973 Thread 0x000001d41cbe4c80 Thread exited: 0x000001d41cbe4c80
Event: 7.195 Thread 0x000001d41cd534d0 Thread added: 0x000001d41cd534d0
Event: 7.210 loading class javax/naming/ldap/LdapContext
Event: 7.211 loading class javax/naming/directory/DirContext
Event: 7.211 loading class javax/naming/directory/DirContext done
Event: 7.211 loading class javax/naming/ldap/LdapContext done
Event: 7.299 Thread 0x000001d41cd534d0 Thread exited: 0x000001d41cd534d0


Dynamic libraries:
0x00007ff6057a0000 - 0x00007ff6057b0000 	E:\jdk17\bin\java.exe
0x00007ff839050000 - 0x00007ff839248000 	C:\Windows\SYSTEM32\ntdll.dll
0x00007ff8370b0000 - 0x00007ff83716d000 	C:\Windows\System32\KERNEL32.DLL
0x00007ff836960000 - 0x00007ff836c56000 	C:\Windows\System32\KERNELBASE.dll
0x00007ff836d00000 - 0x00007ff836e00000 	C:\Windows\System32\ucrtbase.dll
0x00007ff82e870000 - 0x00007ff82e889000 	E:\jdk17\bin\jli.dll
0x00007ff838610000 - 0x00007ff8386bf000 	C:\Windows\System32\ADVAPI32.dll
0x00007ff838040000 - 0x00007ff8380de000 	C:\Windows\System32\msvcrt.dll
0x00007ff837dc0000 - 0x00007ff837e5c000 	C:\Windows\System32\sechost.dll
0x00007ff838e10000 - 0x00007ff838f36000 	C:\Windows\System32\RPCRT4.dll
0x00007ff837170000 - 0x00007ff83730e000 	C:\Windows\System32\USER32.dll
0x00007ff836930000 - 0x00007ff836952000 	C:\Windows\System32\win32u.dll
0x00007ff838170000 - 0x00007ff83819c000 	C:\Windows\System32\GDI32.dll
0x00007ff836f90000 - 0x00007ff8370aa000 	C:\Windows\System32\gdi32full.dll
0x00007ff836c60000 - 0x00007ff836cfd000 	C:\Windows\System32\msvcp_win.dll
0x00007ff81dd30000 - 0x00007ff81dfca000 	C:\Windows\WinSxS\amd64_microsoft.windows.common-controls_6595b64144ccf1df_6.0.19041.3636_none_60b6a03d71f818d5\COMCTL32.dll
0x00007ff82fb00000 - 0x00007ff82fb0a000 	C:\Windows\SYSTEM32\VERSION.dll
0x00007ff82e770000 - 0x00007ff82e78b000 	E:\jdk17\bin\VCRUNTIME140.dll
0x00007ff837920000 - 0x00007ff837950000 	C:\Windows\System32\IMM32.DLL
0x00007ff832810000 - 0x00007ff83281c000 	E:\jdk17\bin\vcruntime140_1.dll
0x00007ff8187b0000 - 0x00007ff81883e000 	E:\jdk17\bin\msvcp140.dll
0x00007ffff4c00000 - 0x00007ffff57e0000 	E:\jdk17\bin\server\jvm.dll
0x00007ff8380e0000 - 0x00007ff8380e8000 	C:\Windows\System32\PSAPI.DLL
0x00007ff82cfd0000 - 0x00007ff82cff7000 	C:\Windows\SYSTEM32\WINMM.dll
0x00007ff82e160000 - 0x00007ff82e169000 	C:\Windows\SYSTEM32\WSOCK32.dll
0x00007ff8380f0000 - 0x00007ff83815b000 	C:\Windows\System32\WS2_32.dll
0x00007ff834f40000 - 0x00007ff834f52000 	C:\Windows\SYSTEM32\kernel.appcore.dll
0x00007ff82fcc0000 - 0x00007ff82fcca000 	E:\jdk17\bin\jimage.dll
0x00007ff834340000 - 0x00007ff834524000 	C:\Windows\SYSTEM32\DBGHELP.DLL
0x00007ff81bd60000 - 0x00007ff81bd94000 	C:\Windows\SYSTEM32\dbgcore.DLL
0x00007ff836730000 - 0x00007ff8367b2000 	C:\Windows\System32\bcryptPrimitives.dll
0x00007ff82e860000 - 0x00007ff82e86e000 	E:\jdk17\bin\instrument.dll
0x00007ff82e710000 - 0x00007ff82e735000 	E:\jdk17\bin\java.dll
0x00007ff80e9e0000 - 0x00007ff80eab7000 	E:\jdk17\bin\jsvml.dll
0x00007ff8386c0000 - 0x00007ff838e05000 	C:\Windows\System32\SHELL32.dll
0x00007ff834790000 - 0x00007ff834f2b000 	C:\Windows\SYSTEM32\windows.storage.dll
0x00007ff837320000 - 0x00007ff837674000 	C:\Windows\System32\combase.dll
0x00007ff836170000 - 0x00007ff83619d000 	C:\Windows\SYSTEM32\Wldp.dll
0x00007ff837e60000 - 0x00007ff837f0d000 	C:\Windows\System32\SHCORE.dll
0x00007ff837fe0000 - 0x00007ff838035000 	C:\Windows\System32\shlwapi.dll
0x00007ff836660000 - 0x00007ff836685000 	C:\Windows\SYSTEM32\profapi.dll
0x00007ff82ac10000 - 0x00007ff82ac28000 	E:\jdk17\bin\zip.dll
0x00007ff82d060000 - 0x00007ff82d079000 	E:\jdk17\bin\net.dll
0x00007ff82dc70000 - 0x00007ff82dd7a000 	C:\Windows\SYSTEM32\WINHTTP.dll
0x00007ff835eb0000 - 0x00007ff835f1a000 	C:\Windows\system32\mswsock.dll
0x00007ff82ac60000 - 0x00007ff82ac76000 	E:\jdk17\bin\nio.dll
0x00007ff82aa20000 - 0x00007ff82aa3a000 	E:\IntelliJ IDEA Community Edition 2024.3\bin\breakgen64.dll
0x00007ff82e170000 - 0x00007ff82e180000 	E:\jdk17\bin\verify.dll
0x00007ff82e590000 - 0x00007ff82e59a000 	E:\jdk17\bin\management.dll
0x00007ff82e1a0000 - 0x00007ff82e1ab000 	E:\jdk17\bin\management_ext.dll
0x00007ff82e5c0000 - 0x00007ff82e5ce000 	E:\jdk17\bin\sunmscapi.dll
0x00007ff836e00000 - 0x00007ff836f5d000 	C:\Windows\System32\CRYPT32.dll
0x00007ff8361e0000 - 0x00007ff836207000 	C:\Windows\SYSTEM32\ncrypt.dll
0x00007ff8361a0000 - 0x00007ff8361db000 	C:\Windows\SYSTEM32\NTASN1.dll

dbghelp: loaded successfully - version: 4.0.5 - missing functions: none
symbol engine: initialized successfully - sym options: 0x614 - pdb path: .;E:\jdk17\bin;C:\Windows\SYSTEM32;C:\Windows\WinSxS\amd64_microsoft.windows.common-controls_6595b64144ccf1df_6.0.19041.3636_none_60b6a03d71f818d5;E:\jdk17\bin\server;E:\IntelliJ IDEA Community Edition 2024.3\bin

VM Arguments:
jvm_args: -javaagent:E:\IntelliJ IDEA Community Edition 2024.3\lib\idea_rt.jar=64097:E:\IntelliJ IDEA Community Edition 2024.3\bin -Dfile.encoding=UTF-8 
java_command: com.nguyenminh.microservices.zwallet.ZwalletApplication
java_class_path (initial): C:\Users\lop12\Downloads\zwallet-master\zwallet-master\target\classes;C:\Users\lop12\.m2\repository\com\cloudinary\cloudinary-http44\1.33.0\cloudinary-http44-1.33.0.jar;C:\Users\lop12\.m2\repository\com\cloudinary\cloudinary-core\1.33.0\cloudinary-core-1.33.0.jar;C:\Users\lop12\.m2\repository\org\apache\commons\commons-lang3\3.14.0\commons-lang3-3.14.0.jar;C:\Users\lop12\.m2\repository\org\apache\httpcomponents\httpclient\4.4\httpclient-4.4.jar;C:\Users\lop12\.m2\repository\org\apache\httpcomponents\httpcore\4.4.16\httpcore-4.4.16.jar;C:\Users\lop12\.m2\repository\commons-logging\commons-logging\1.2\commons-logging-1.2.jar;C:\Users\lop12\.m2\repository\commons-codec\commons-codec\1.16.1\commons-codec-1.16.1.jar;C:\Users\lop12\.m2\repository\org\apache\httpcomponents\httpmime\4.4\httpmime-4.4.jar;C:\Users\lop12\.m2\repository\com\fasterxml\jackson\datatype\jackson-datatype-jdk8\2.17.1\jackson-datatype-jdk8-2.17.1.jar;C:\Users\lop12\.m2\repository\com\fasterxml\jackson\core\jackson-core\2.17.1\jackson-core-2.17.1.jar;C:\Users\lop12\.m2\repository\com\fasterxml\jackson\core\jackson-databind\2.17.1\jackson-databind-2.17.1.jar;C:\Users\lop12\.m2\repository\org\springframework\boot\spring-boot-starter-data-mongodb\3.3.1\spring-boot-starter-data-mongodb-3.3.1.jar;C:\Users\lop12\.m2\repository\org\springframework\boot\spring-boot-starter\3.3.1\spring-boot-starter-3.3.1.jar;C:\Users\lop12\.m2\repository\org\springframework\boot\spring-boot-starter-logging\3.3.1\spring-boot-starter-logging-3.3.1.jar;C:\Users\lop12\.m2\repository\ch\qos\logback\logback-classic\1.5.6\logback-classic-1.5.6.jar;C:\Users\lop12\.m2\repository\ch\qos\logback\logback-core\1.5.6\logback-core-1.5.6.jar;C:\Users\lop12\.m2\repository\org\apache\logging\log4j\log4j-to-slf4j\2.23.1\log4j-to-slf4j-2.23.1.jar;C:\Users\lop12\.m2\repository\org\apache\logging\log4j\log4j-api\2.23.1\log4j-api-2.23.1.jar;C:\Users\lop12\.m2\repository\org\slf4j\jul-to-slf4j\2.0.13\jul-to-slf4j-2.0.13.
Launcher Type: SUN_STANDARD

[Global flags]
     intx CICompilerCount                          = 4                                         {product} {ergonomic}
     uint ConcGCThreads                            = 2                                         {product} {ergonomic}
     uint G1ConcRefinementThreads                  = 8                                         {product} {ergonomic}
   size_t G1HeapRegionSize                         = 2097152                                   {product} {ergonomic}
    uintx GCDrainStackTargetSize                   = 64                                        {product} {ergonomic}
   size_t InitialHeapSize                          = 266338304                                 {product} {ergonomic}
   size_t MarkStackSize                            = 4194304                                   {product} {ergonomic}
   size_t MaxHeapSize                              = 4261412864                                {product} {ergonomic}
   size_t MaxNewSize                               = 2556428288                                {product} {ergonomic}
   size_t MinHeapDeltaBytes                        = 2097152                                   {product} {ergonomic}
   size_t MinHeapSize                              = 8388608                                   {product} {ergonomic}
    uintx NonNMethodCodeHeapSize                   = 5839372                                {pd product} {ergonomic}
    uintx NonProfiledCodeHeapSize                  = 122909434                              {pd product} {ergonomic}
    uintx ProfiledCodeHeapSize                     = 122909434                              {pd product} {ergonomic}
    uintx ReservedCodeCacheSize                    = 251658240                              {pd product} {ergonomic}
     bool SegmentedCodeCache                       = true                                      {product} {ergonomic}
   size_t SoftMaxHeapSize                          = 4261412864                             {manageable} {ergonomic}
     bool UseCompressedClassPointers               = true                           {product lp64_product} {ergonomic}
     bool UseCompressedOops                        = true                           {product lp64_product} {ergonomic}
     bool UseG1GC                                  = true                                      {product} {ergonomic}
     bool UseLargePagesIndividualAllocation        = false                                  {pd product} {ergonomic}

Logging:
Log output configuration:
 #0: stdout all=warning uptime,level,tags
 #1: stderr all=off uptime,level,tags

Environment Variables:
PATH=C:\Program Files\Common Files\Oracle\Java\javapath;C:\Python312\Scripts\;C:\Python312\;C:\Windows\system32;C:\Windows;C:\Windows\System32\Wbem;C:\Windows\System32\WindowsPowerShell\v1.0\;C:\Windows\System32\OpenSSH\;E:\Nodejs\;C:\ProgramData\chocolatey\bin;E:\jdk17\bin;E:\Git\cmd;C:\Program Files\Docker\Docker\resources\bin;C:\Program Files\MySQL\MySQL Shell 8.0\bin\;C:\Users\lop12\AppData\Local\Microsoft\WindowsApps;;E:\IntelliJ IDEA Community Edition 2024.3\bin;;E:\Microsoft VS Code\bin;C:\Users\lop12\AppData\Roaming\npm
USERNAME=lop12
OS=Windows_NT
PROCESSOR_IDENTIFIER=Intel64 Family 6 Model 165 Stepping 2, GenuineIntel



---------------  S Y S T E M  ---------------

OS:
 Windows 10 , 64 bit Build 19041 (10.0.19041.3636)
OS uptime: 0 days 12:35 hours
Hyper-V role detected

CPU: total 8 (initial active 8) (4 cores per cpu, 2 threads per core) family 6 model 165 stepping 2 microcode 0xf0, cx8, cmov, fxsr, ht, mmx, 3dnowpref, sse, sse2, sse3, ssse3, sse4.1, sse4.2, popcnt, lzcnt, tsc, tscinvbit, avx, avx2, aes, erms, clmul, bmi1, bmi2, adx, fma, vzeroupper, clflush, clflushopt, hv

Memory: 4k page, system-wide physical 16251M (3958M free)
TotalPageFile size 16251M (AvailPageFile size 5M)
current process WorkingSet (physical memory assigned to process): 146M, peak: 146M
current process commit charge ("private bytes"): 402M, peak: 402M

vm_info: Java HotSpot(TM) 64-Bit Server VM (17.0.12+8-LTS-286) for windows-amd64 JRE (17.0.12+8-LTS-286), built on Jun  5 2024 06:46:59 by "mach5one" with MS VC++ 17.6 (VS2022)

END.
